# JRE version: OpenJDK Runtime Environment Temurin-21.0.6+7 (21.0.6+7) (build 21.0.6+7-LTS)
# Java VM: OpenJDK 64-Bit Server VM Temurin-21.0.6+7 (21.0.6+7-LTS, mixed mode, sharing, tiered, compressed oops, compressed class ptrs, parallel gc, windows-amd64)
GC Precious Log:
 CardTable entry size: 512
 CPUs: 4 total, 4 available
 Memory: 7926M
 Large Page Support: Disabled
 NUMA Support: Disabled
 Compressed Oops: Enabled (32-bit)
 Alignments: Space 512K, Generation 512K, Heap 2M
 Heap Min Capacity: 100M
 Heap Initial Capacity: 100M
 Heap Max Capacity: 1G
 Pre-touch: Disabled
 Parallel Workers: 4
Heap:
 PSYoungGen      total 23040K, used 22560K [0x00000000eab00000, 0x00000000ec380000, 0x0000000100000000)
  eden space 20992K, 97% used [0x00000000eab00000,0x00000000ebf0adf8,0x00000000ebf80000)
  from space 2048K, 99% used [0x00000000ebf80000,0x00000000ec17d5d8,0x00000000ec180000)
  to   space 2048K, 0% used [0x00000000ec180000,0x00000000ec180000,0x00000000ec380000)
 ParOldGen       total 68608K, used 44979K [0x00000000c0000000, 0x00000000c4300000, 0x00000000eab00000)
  object space 68608K, 65% used [0x00000000c0000000,0x00000000c2bece78,0x00000000c4300000)
 Metaspace       used 55733K, committed 56960K, reserved 1114112K
  class space    used 5776K, committed 6336K, reserved 1048576K
GC Heap History (20 events):
Event: 15.861 GC heap before
{Heap before GC invocations=24 (full 2):
 PSYoungGen      total 23040K, used 22948K [0x00000000eab00000, 0x00000000ec580000, 0x0000000100000000)
  eden space 20992K, 100% used [0x00000000eab00000,0x00000000ebf80000,0x00000000ebf80000)
  from space 2048K, 95% used [0x00000000ebf80000,0x00000000ec169000,0x00000000ec180000)
  to   space 3072K, 0% used [0x00000000ec280000,0x00000000ec280000,0x00000000ec580000)
 ParOldGen       total 68608K, used 30099K [0x00000000c0000000, 0x00000000c4300000, 0x00000000eab00000)
  object space 68608K, 43% used [0x00000000c0000000,0x00000000c1d64c38,0x00000000c4300000)
 Metaspace       used 43740K, committed 44864K, reserved 1114112K
  class space    used 4557K, committed 5056K, reserved 1048576K
}
Event: 15.869 GC heap after
{Heap after GC invocations=24 (full 2):
 PSYoungGen      total 23040K, used 2016K [0x00000000eab00000, 0x00000000ec480000, 0x0000000100000000)
  eden space 20992K, 0% used [0x00000000eab00000,0x00000000eab00000,0x00000000ebf80000)
  from space 2048K, 98% used [0x00000000ec280000,0x00000000ec478010,0x00000000ec480000)
  to   space 2560K, 0% used [0x00000000ebf80000,0x00000000ebf80000,0x00000000ec200000)
 ParOldGen       total 68608K, used 31984K [0x00000000c0000000, 0x00000000c4300000, 0x00000000eab00000)
  object space 68608K, 46% used [0x00000000c0000000,0x00000000c1f3c2b0,0x00000000c4300000)
 Metaspace       used 43740K, committed 44864K, reserved 1114112K
  class space    used 4557K, committed 5056K, reserved 1048576K
}
Event: 16.045 GC heap before
{Heap before GC invocations=25 (full 2):
 PSYoungGen      total 23040K, used 23008K [0x00000000eab00000, 0x00000000ec480000, 0x0000000100000000)
  eden space 20992K, 100% used [0x00000000eab00000,0x00000000ebf80000,0x00000000ebf80000)
  from space 2048K, 98% used [0x00000000ec280000,0x00000000ec478010,0x00000000ec480000)
  to   space 2560K, 0% used [0x00000000ebf80000,0x00000000ebf80000,0x00000000ec200000)
 ParOldGen       total 68608K, used 31984K [0x00000000c0000000, 0x00000000c4300000, 0x00000000eab00000)
  object space 68608K, 46% used [0x00000000c0000000,0x00000000c1f3c2b0,0x00000000c4300000)
 Metaspace       used 44488K, committed 45632K, reserved 1114112K
  class space    used 4661K, committed 5120K, reserved 1048576K
}
Event: 16.050 GC heap after
{Heap after GC invocations=25 (full 2):
 PSYoungGen      total 23040K, used 1560K [0x00000000eab00000, 0x00000000ec380000, 0x0000000100000000)
  eden space 20992K, 0% used [0x00000000eab00000,0x00000000eab00000,0x00000000ebf80000)
  from space 2048K, 76% used [0x00000000ebf80000,0x00000000ec106200,0x00000000ec180000)
  to   space 2048K, 0% used [0x00000000ec180000,0x00000000ec180000,0x00000000ec380000)
 ParOldGen       total 68608K, used 33928K [0x00000000c0000000, 0x00000000c4300000, 0x00000000eab00000)
  object space 68608K, 49% used [0x00000000c0000000,0x00000000c21222c0,0x00000000c4300000)
 Metaspace       used 44488K, committed 45632K, reserved 1114112K
  class space    used 4661K, committed 5120K, reserved 1048576K
}
Event: 16.303 GC heap before
{Heap before GC invocations=26 (full 2):
 PSYoungGen      total 23040K, used 22552K [0x00000000eab00000, 0x00000000ec380000, 0x0000000100000000)
  eden space 20992K, 100% used [0x00000000eab00000,0x00000000ebf80000,0x00000000ebf80000)
  from space 2048K, 76% used [0x00000000ebf80000,0x00000000ec106200,0x00000000ec180000)
  to   space 2048K, 0% used [0x00000000ec180000,0x00000000ec180000,0x00000000ec380000)
 ParOldGen       total 68608K, used 33928K [0x00000000c0000000, 0x00000000c4300000, 0x00000000eab00000)
  object space 68608K, 49% used [0x00000000c0000000,0x00000000c21222c0,0x00000000c4300000)
 Metaspace       used 45166K, committed 46272K, reserved 1114112K
  class space    used 4725K, committed 5184K, reserved 1048576K
}
Event: 16.308 GC heap after
{Heap after GC invocations=26 (full 2):
 PSYoungGen      total 23040K, used 1760K [0x00000000eab00000, 0x00000000ec380000, 0x0000000100000000)
  eden space 20992K, 0% used [0x00000000eab00000,0x00000000eab00000,0x00000000ebf80000)
  from space 2048K, 85% used [0x00000000ec180000,0x00000000ec338000,0x00000000ec380000)
  to   space 2048K, 0% used [0x00000000ebf80000,0x00000000ebf80000,0x00000000ec180000)
 ParOldGen       total 68608K, used 35401K [0x00000000c0000000, 0x00000000c4300000, 0x00000000eab00000)
  object space 68608K, 51% used [0x00000000c0000000,0x00000000c22924c0,0x00000000c4300000)
 Metaspace       used 45166K, committed 46272K, reserved 1114112K
  class space    used 4725K, committed 5184K, reserved 1048576K
}
Event: 16.785 GC heap before
{Heap before GC invocations=27 (full 2):
 PSYoungGen      total 23040K, used 22748K [0x00000000eab00000, 0x00000000ec380000, 0x0000000100000000)
  eden space 20992K, 99% used [0x00000000eab00000,0x00000000ebf7f3b8,0x00000000ebf80000)
  from space 2048K, 85% used [0x00000000ec180000,0x00000000ec338000,0x00000000ec380000)
  to   space 2048K, 0% used [0x00000000ebf80000,0x00000000ebf80000,0x00000000ec180000)
 ParOldGen       total 68608K, used 35401K [0x00000000c0000000, 0x00000000c4300000, 0x00000000eab00000)
  object space 68608K, 51% used [0x00000000c0000000,0x00000000c22924c0,0x00000000c4300000)
 Metaspace       used 47677K, committed 48768K, reserved 1114112K
  class space    used 4968K, committed 5440K, reserved 1048576K
}
Event: 16.789 GC heap after
{Heap after GC invocations=27 (full 2):
 PSYoungGen      total 23040K, used 1807K [0x00000000eab00000, 0x00000000ec380000, 0x0000000100000000)
  eden space 20992K, 0% used [0x00000000eab00000,0x00000000eab00000,0x00000000ebf80000)
  from space 2048K, 88% used [0x00000000ebf80000,0x00000000ec143f30,0x00000000ec180000)
  to   space 2048K, 0% used [0x00000000ec180000,0x00000000ec180000,0x00000000ec380000)
 ParOldGen       total 68608K, used 37015K [0x00000000c0000000, 0x00000000c4300000, 0x00000000eab00000)
  object space 68608K, 53% used [0x00000000c0000000,0x00000000c2425eb8,0x00000000c4300000)
 Metaspace       used 47677K, committed 48768K, reserved 1114112K
  class space    used 4968K, committed 5440K, reserved 1048576K
}
Event: 17.677 GC heap before
{Heap before GC invocations=28 (full 2):
 PSYoungGen      total 23040K, used 22753K [0x00000000eab00000, 0x00000000ec380000, 0x0000000100000000)
  eden space 20992K, 99% used [0x00000000eab00000,0x00000000ebf74728,0x00000000ebf80000)
  from space 2048K, 88% used [0x00000000ebf80000,0x00000000ec143f30,0x00000000ec180000)
  to   space 2048K, 0% used [0x00000000ec180000,0x00000000ec180000,0x00000000ec380000)
 ParOldGen       total 68608K, used 37015K [0x00000000c0000000, 0x00000000c4300000, 0x00000000eab00000)
  object space 68608K, 53% used [0x00000000c0000000,0x00000000c2425eb8,0x00000000c4300000)
 Metaspace       used 49388K, committed 50560K, reserved 1114112K
  class space    used 5151K, committed 5696K, reserved 1048576K
}
Event: 17.680 GC heap after
{Heap after GC invocations=28 (full 2):
 PSYoungGen      total 23040K, used 1488K [0x00000000eab00000, 0x00000000ec380000, 0x0000000100000000)
  eden space 20992K, 0% used [0x00000000eab00000,0x00000000eab00000,0x00000000ebf80000)
  from space 2048K, 72% used [0x00000000ec180000,0x00000000ec2f4148,0x00000000ec380000)
  to   space 2048K, 0% used [0x00000000ebf80000,0x00000000ebf80000,0x00000000ec180000)
 ParOldGen       total 68608K, used 38681K [0x00000000c0000000, 0x00000000c4300000, 0x00000000eab00000)
  object space 68608K, 56% used [0x00000000c0000000,0x00000000c25c6638,0x00000000c4300000)
 Metaspace       used 49388K, committed 50560K, reserved 1114112K
  class space    used 5151K, committed 5696K, reserved 1048576K
}
Event: 18.015 GC heap before
{Heap before GC invocations=29 (full 2):
 PSYoungGen      total 23040K, used 22480K [0x00000000eab00000, 0x00000000ec380000, 0x0000000100000000)
  eden space 20992K, 100% used [0x00000000eab00000,0x00000000ebf80000,0x00000000ebf80000)
  from space 2048K, 72% used [0x00000000ec180000,0x00000000ec2f4148,0x00000000ec380000)
  to   space 2048K, 0% used [0x00000000ebf80000,0x00000000ebf80000,0x00000000ec180000)
 ParOldGen       total 68608K, used 38681K [0x00000000c0000000, 0x00000000c4300000, 0x00000000eab00000)
  object space 68608K, 56% used [0x00000000c0000000,0x00000000c25c6638,0x00000000c4300000)
 Metaspace       used 49475K, committed 50688K, reserved 1114112K
  class space    used 5156K, committed 5696K, reserved 1048576K
}
Event: 18.018 GC heap after
{Heap after GC invocations=29 (full 2):
 PSYoungGen      total 22528K, used 1243K [0x00000000eab00000, 0x00000000ec280000, 0x0000000100000000)
  eden space 20992K, 0% used [0x00000000eab00000,0x00000000eab00000,0x00000000ebf80000)
  from space 1536K, 80% used [0x00000000ebf80000,0x00000000ec0b6d28,0x00000000ec100000)
  to   space 1536K, 0% used [0x00000000ec100000,0x00000000ec100000,0x00000000ec280000)
 ParOldGen       total 68608K, used 39897K [0x00000000c0000000, 0x00000000c4300000, 0x00000000eab00000)
  object space 68608K, 58% used [0x00000000c0000000,0x00000000c26f67f8,0x00000000c4300000)
 Metaspace       used 49475K, committed 50688K, reserved 1114112K
  class space    used 5156K, committed 5696K, reserved 1048576K
}
Event: 18.312 GC heap before
{Heap before GC invocations=30 (full 2):
 PSYoungGen      total 22528K, used 22235K [0x00000000eab00000, 0x00000000ec280000, 0x0000000100000000)
  eden space 20992K, 100% used [0x00000000eab00000,0x00000000ebf80000,0x00000000ebf80000)
  from space 1536K, 80% used [0x00000000ebf80000,0x00000000ec0b6d28,0x00000000ec100000)
  to   space 1536K, 0% used [0x00000000ec100000,0x00000000ec100000,0x00000000ec280000)
 ParOldGen       total 68608K, used 39897K [0x00000000c0000000, 0x00000000c4300000, 0x00000000eab00000)
  object space 68608K, 58% used [0x00000000c0000000,0x00000000c26f67f8,0x00000000c4300000)
 Metaspace       used 50839K, committed 52032K, reserved 1114112K
  class space    used 5284K, committed 5824K, reserved 1048576K
}
Event: 18.315 GC heap after
{Heap after GC invocations=30 (full 2):
 PSYoungGen      total 22016K, used 567K [0x00000000eab00000, 0x00000000ec200000, 0x0000000100000000)
  eden space 20992K, 0% used [0x00000000eab00000,0x00000000eab00000,0x00000000ebf80000)
  from space 1024K, 55% used [0x00000000ec100000,0x00000000ec18df08,0x00000000ec200000)
  to   space 1024K, 0% used [0x00000000ec000000,0x00000000ec000000,0x00000000ec100000)
 ParOldGen       total 68608K, used 40225K [0x00000000c0000000, 0x00000000c4300000, 0x00000000eab00000)
  object space 68608K, 58% used [0x00000000c0000000,0x00000000c2748668,0x00000000c4300000)
 Metaspace       used 50839K, committed 52032K, reserved 1114112K
  class space    used 5284K, committed 5824K, reserved 1048576K
}
Event: 18.902 GC heap before
{Heap before GC invocations=31 (full 2):
 PSYoungGen      total 22016K, used 21559K [0x00000000eab00000, 0x00000000ec200000, 0x0000000100000000)
  eden space 20992K, 100% used [0x00000000eab00000,0x00000000ebf80000,0x00000000ebf80000)
  from space 1024K, 55% used [0x00000000ec100000,0x00000000ec18df08,0x00000000ec200000)
  to   space 1024K, 0% used [0x00000000ec000000,0x00000000ec000000,0x00000000ec100000)
 ParOldGen       total 68608K, used 40225K [0x00000000c0000000, 0x00000000c4300000, 0x00000000eab00000)
  object space 68608K, 58% used [0x00000000c0000000,0x00000000c2748668,0x00000000c4300000)
 Metaspace       used 51518K, committed 52672K, reserved 1114112K
  class space    used 5370K, committed 5888K, reserved 1048576K
}
Event: 18.904 GC heap after
{Heap after GC invocations=31 (full 2):
 PSYoungGen      total 22016K, used 992K [0x00000000eab00000, 0x00000000ec380000, 0x0000000100000000)
  eden space 20992K, 0% used [0x00000000eab00000,0x00000000eab00000,0x00000000ebf80000)
  from space 1024K, 96% used [0x00000000ec000000,0x00000000ec0f8010,0x00000000ec100000)
  to   space 2048K, 0% used [0x00000000ec180000,0x00000000ec180000,0x00000000ec380000)
 ParOldGen       total 68608K, used 40926K [0x00000000c0000000, 0x00000000c4300000, 0x00000000eab00000)
  object space 68608K, 59% used [0x00000000c0000000,0x00000000c27f78a0,0x00000000c4300000)
 Metaspace       used 51518K, committed 52672K, reserved 1114112K
  class space    used 5370K, committed 5888K, reserved 1048576K
}
Event: 19.637 GC heap before
{Heap before GC invocations=32 (full 2):
 PSYoungGen      total 22016K, used 21984K [0x00000000eab00000, 0x00000000ec380000, 0x0000000100000000)
  eden space 20992K, 100% used [0x00000000eab00000,0x00000000ebf80000,0x00000000ebf80000)
  from space 1024K, 96% used [0x00000000ec000000,0x00000000ec0f8010,0x00000000ec100000)
  to   space 2048K, 0% used [0x00000000ec180000,0x00000000ec180000,0x00000000ec380000)
 ParOldGen       total 68608K, used 40926K [0x00000000c0000000, 0x00000000c4300000, 0x00000000eab00000)
  object space 68608K, 59% used [0x00000000c0000000,0x00000000c27f78a0,0x00000000c4300000)
 Metaspace       used 53667K, committed 54912K, reserved 1114112K
  class space    used 5529K, committed 6080K, reserved 1048576K
}
Event: 19.640 GC heap after
{Heap after GC invocations=32 (full 2):
 PSYoungGen      total 23040K, used 1739K [0x00000000eab00000, 0x00000000ec380000, 0x0000000100000000)
  eden space 20992K, 0% used [0x00000000eab00000,0x00000000eab00000,0x00000000ebf80000)
  from space 2048K, 84% used [0x00000000ec180000,0x00000000ec332e28,0x00000000ec380000)
  to   space 2048K, 0% used [0x00000000ebf80000,0x00000000ebf80000,0x00000000ec180000)
 ParOldGen       total 68608K, used 41804K [0x00000000c0000000, 0x00000000c4300000, 0x00000000eab00000)
  object space 68608K, 60% used [0x00000000c0000000,0x00000000c28d3228,0x00000000c4300000)
 Metaspace       used 53667K, committed 54912K, reserved 1114112K
  class space    used 5529K, committed 6080K, reserved 1048576K
}
Event: 20.714 GC heap before
{Heap before GC invocations=33 (full 2):
 PSYoungGen      total 23040K, used 22731K [0x00000000eab00000, 0x00000000ec380000, 0x0000000100000000)
  eden space 20992K, 99% used [0x00000000eab00000,0x00000000ebf7ff60,0x00000000ebf80000)
  from space 2048K, 84% used [0x00000000ec180000,0x00000000ec332e28,0x00000000ec380000)
  to   space 2048K, 0% used [0x00000000ebf80000,0x00000000ebf80000,0x00000000ec180000)
 ParOldGen       total 68608K, used 41804K [0x00000000c0000000, 0x00000000c4300000, 0x00000000eab00000)
  object space 68608K, 60% used [0x00000000c0000000,0x00000000c28d3228,0x00000000c4300000)
 Metaspace       used 54748K, committed 56000K, reserved 1114112K
  class space    used 5662K, committed 6208K, reserved 1048576K
}
Event: 20.958 GC heap after
{Heap after GC invocations=33 (full 2):
 PSYoungGen      total 23040K, used 2037K [0x00000000eab00000, 0x00000000ec380000, 0x0000000100000000)
  eden space 20992K, 0% used [0x00000000eab00000,0x00000000eab00000,0x00000000ebf80000)
  from space 2048K, 99% used [0x00000000ebf80000,0x00000000ec17d5d8,0x00000000ec180000)
  to   space 2048K, 0% used [0x00000000ec180000,0x00000000ec180000,0x00000000ec380000)
 ParOldGen       total 68608K, used 44979K [0x00000000c0000000, 0x00000000c4300000, 0x00000000eab00000)
  object space 68608K, 65% used [0x00000000c0000000,0x00000000c2bece78,0x00000000c4300000)
 Metaspace       used 54748K, committed 56000K, reserved 1114112K
  class space    used 5662K, committed 6208K, reserved 1048576K
}

