# JRE version: OpenJDK Runtime Environment Temurin-21.0.6+7 (21.0.6+7) (build 21.0.6+7-LTS)
# Java VM: OpenJDK 64-Bit Server VM Temurin-21.0.6+7 (21.0.6+7-LTS, mixed mode, sharing, tiered, compressed oops, compressed class ptrs, parallel gc, windows-amd64)
GC Precious Log:
 CardTable entry size: 512
 CPUs: 4 total, 4 available
 Memory: 7926M
 Large Page Support: Disabled
 NUMA Support: Disabled
 Compressed Oops: Enabled (32-bit)
 Alignments: Space 512K, Generation 512K, Heap 2M
 Heap Min Capacity: 100M
 Heap Initial Capacity: 100M
 Heap Max Capacity: 1G
 Pre-touch: Disabled
 Parallel Workers: 4
Heap:
 PSYoungGen      total 10240K, used 10148K [0x00000000eab00000, 0x00000000eb700000, 0x0000000100000000)
  eden space 8192K, 100% used [0x00000000eab00000,0x00000000eb300000,0x00000000eb300000)
  from space 2048K, 95% used [0x00000000eb300000,0x00000000eb4e9128,0x00000000eb500000)
  to   space 2048K, 87% used [0x00000000eb500000,0x00000000eb6c0000,0x00000000eb700000)
 ParOldGen       total 101888K, used 101887K [0x00000000c0000000, 0x00000000c6380000, 0x00000000eab00000)
  object space 101888K, 99% used [0x00000000c0000000,0x00000000c637fd68,0x00000000c6380000)
 Metaspace       used 65346K, committed 66688K, reserved 1114112K
  class space    used 6836K, committed 7360K, reserved 1048576K
GC Heap History (20 events):
Event: 52.150 GC heap before
{Heap before GC invocations=61 (full 3):
 PSYoungGen      total 13312K, used 13278K [0x00000000eab00000, 0x00000000eba00000, 0x0000000100000000)
  eden space 12288K, 99% used [0x00000000eab00000,0x00000000eb6faa80,0x00000000eb700000)
  from space 1024K, 98% used [0x00000000eb700000,0x00000000eb7fd0b0,0x00000000eb800000)
  to   space 1536K, 0% used [0x00000000eb880000,0x00000000eb880000,0x00000000eba00000)
 ParOldGen       total 85504K, used 85291K [0x00000000c0000000, 0x00000000c5380000, 0x00000000eab00000)
  object space 85504K, 99% used [0x00000000c0000000,0x00000000c534ac38,0x00000000c5380000)
 Metaspace       used 62461K, committed 63808K, reserved 1114112K
  class space    used 6542K, committed 7104K, reserved 1048576K
}
Event: 52.156 GC heap after
{Heap after GC invocations=61 (full 3):
 PSYoungGen      total 12288K, used 1530K [0x00000000eab00000, 0x00000000ebd00000, 0x0000000100000000)
  eden space 10752K, 0% used [0x00000000eab00000,0x00000000eab00000,0x00000000eb580000)
  from space 1536K, 99% used [0x00000000eb880000,0x00000000eb9fea28,0x00000000eba00000)
  to   space 3072K, 0% used [0x00000000eb580000,0x00000000eb580000,0x00000000eb880000)
 ParOldGen       total 86528K, used 86489K [0x00000000c0000000, 0x00000000c5480000, 0x00000000eab00000)
  object space 86528K, 99% used [0x00000000c0000000,0x00000000c5476738,0x00000000c5480000)
 Metaspace       used 62461K, committed 63808K, reserved 1114112K
  class space    used 6542K, committed 7104K, reserved 1048576K
}
Event: 52.577 GC heap before
{Heap before GC invocations=62 (full 3):
 PSYoungGen      total 12288K, used 12282K [0x00000000eab00000, 0x00000000ebd00000, 0x0000000100000000)
  eden space 10752K, 100% used [0x00000000eab00000,0x00000000eb580000,0x00000000eb580000)
  from space 1536K, 99% used [0x00000000eb880000,0x00000000eb9fea28,0x00000000eba00000)
  to   space 3072K, 0% used [0x00000000eb580000,0x00000000eb580000,0x00000000eb880000)
 ParOldGen       total 86528K, used 86489K [0x00000000c0000000, 0x00000000c5480000, 0x00000000eab00000)
  object space 86528K, 99% used [0x00000000c0000000,0x00000000c5476738,0x00000000c5480000)
 Metaspace       used 63530K, committed 64768K, reserved 1114112K
  class space    used 6668K, committed 7168K, reserved 1048576K
}
Event: 52.584 GC heap after
{Heap after GC invocations=62 (full 3):
 PSYoungGen      total 11776K, used 928K [0x00000000eab00000, 0x00000000eb980000, 0x0000000100000000)
  eden space 10752K, 0% used [0x00000000eab00000,0x00000000eab00000,0x00000000eb580000)
  from space 1024K, 90% used [0x00000000eb580000,0x00000000eb668000,0x00000000eb680000)
  to   space 2048K, 0% used [0x00000000eb780000,0x00000000eb780000,0x00000000eb980000)
 ParOldGen       total 88064K, used 87937K [0x00000000c0000000, 0x00000000c5600000, 0x00000000eab00000)
  object space 88064K, 99% used [0x00000000c0000000,0x00000000c55e07c0,0x00000000c5600000)
 Metaspace       used 63530K, committed 64768K, reserved 1114112K
  class space    used 6668K, committed 7168K, reserved 1048576K
}
Event: 52.913 GC heap before
{Heap before GC invocations=63 (full 3):
 PSYoungGen      total 11776K, used 11680K [0x00000000eab00000, 0x00000000eb980000, 0x0000000100000000)
  eden space 10752K, 100% used [0x00000000eab00000,0x00000000eb580000,0x00000000eb580000)
  from space 1024K, 90% used [0x00000000eb580000,0x00000000eb668000,0x00000000eb680000)
  to   space 2048K, 0% used [0x00000000eb780000,0x00000000eb780000,0x00000000eb980000)
 ParOldGen       total 88064K, used 87937K [0x00000000c0000000, 0x00000000c5600000, 0x00000000eab00000)
  object space 88064K, 99% used [0x00000000c0000000,0x00000000c55e07c0,0x00000000c5600000)
 Metaspace       used 64459K, committed 65792K, reserved 1114112K
  class space    used 6743K, committed 7296K, reserved 1048576K
}
Event: 52.916 GC heap after
{Heap after GC invocations=63 (full 3):
 PSYoungGen      total 12800K, used 1600K [0x00000000eab00000, 0x00000000eb980000, 0x0000000100000000)
  eden space 10752K, 0% used [0x00000000eab00000,0x00000000eab00000,0x00000000eb580000)
  from space 2048K, 78% used [0x00000000eb780000,0x00000000eb910020,0x00000000eb980000)
  to   space 2048K, 0% used [0x00000000eb580000,0x00000000eb580000,0x00000000eb780000)
 ParOldGen       total 89088K, used 88748K [0x00000000c0000000, 0x00000000c5700000, 0x00000000eab00000)
  object space 89088K, 99% used [0x00000000c0000000,0x00000000c56ab3c0,0x00000000c5700000)
 Metaspace       used 64459K, committed 65792K, reserved 1114112K
  class space    used 6743K, committed 7296K, reserved 1048576K
}
Event: 53.410 GC heap before
{Heap before GC invocations=64 (full 3):
 PSYoungGen      total 12800K, used 12331K [0x00000000eab00000, 0x00000000eb980000, 0x0000000100000000)
  eden space 10752K, 99% used [0x00000000eab00000,0x00000000eb57ad50,0x00000000eb580000)
  from space 2048K, 78% used [0x00000000eb780000,0x00000000eb910020,0x00000000eb980000)
  to   space 2048K, 0% used [0x00000000eb580000,0x00000000eb580000,0x00000000eb780000)
 ParOldGen       total 89088K, used 88748K [0x00000000c0000000, 0x00000000c5700000, 0x00000000eab00000)
  object space 89088K, 99% used [0x00000000c0000000,0x00000000c56ab3c0,0x00000000c5700000)
 Metaspace       used 65000K, committed 66304K, reserved 1114112K
  class space    used 6801K, committed 7360K, reserved 1048576K
}
Event: 53.415 GC heap after
{Heap after GC invocations=64 (full 3):
 PSYoungGen      total 12800K, used 1629K [0x00000000eab00000, 0x00000000eb980000, 0x0000000100000000)
  eden space 10752K, 0% used [0x00000000eab00000,0x00000000eab00000,0x00000000eb580000)
  from space 2048K, 79% used [0x00000000eb580000,0x00000000eb7176f0,0x00000000eb780000)
  to   space 2048K, 0% used [0x00000000eb780000,0x00000000eb780000,0x00000000eb980000)
 ParOldGen       total 90112K, used 90082K [0x00000000c0000000, 0x00000000c5800000, 0x00000000eab00000)
  object space 90112K, 99% used [0x00000000c0000000,0x00000000c57f8810,0x00000000c5800000)
 Metaspace       used 65000K, committed 66304K, reserved 1114112K
  class space    used 6801K, committed 7360K, reserved 1048576K
}
Event: 53.529 GC heap before
{Heap before GC invocations=65 (full 3):
 PSYoungGen      total 12800K, used 12381K [0x00000000eab00000, 0x00000000eb980000, 0x0000000100000000)
  eden space 10752K, 100% used [0x00000000eab00000,0x00000000eb580000,0x00000000eb580000)
  from space 2048K, 79% used [0x00000000eb580000,0x00000000eb7176f0,0x00000000eb780000)
  to   space 2048K, 0% used [0x00000000eb780000,0x00000000eb780000,0x00000000eb980000)
 ParOldGen       total 90112K, used 90082K [0x00000000c0000000, 0x00000000c5800000, 0x00000000eab00000)
  object space 90112K, 99% used [0x00000000c0000000,0x00000000c57f8810,0x00000000c5800000)
 Metaspace       used 65244K, committed 66560K, reserved 1114112K
  class space    used 6826K, committed 7360K, reserved 1048576K
}
Event: 53.532 GC heap after
{Heap after GC invocations=65 (full 3):
 PSYoungGen      total 10240K, used 2016K [0x00000000eab00000, 0x00000000ebe80000, 0x0000000100000000)
  eden space 8192K, 0% used [0x00000000eab00000,0x00000000eab00000,0x00000000eb300000)
  from space 2048K, 98% used [0x00000000eb780000,0x00000000eb9782e0,0x00000000eb980000)
  to   space 4608K, 0% used [0x00000000eb300000,0x00000000eb300000,0x00000000eb780000)
 ParOldGen       total 92160K, used 91849K [0x00000000c0000000, 0x00000000c5a00000, 0x00000000eab00000)
  object space 92160K, 99% used [0x00000000c0000000,0x00000000c59b25c0,0x00000000c5a00000)
 Metaspace       used 65244K, committed 66560K, reserved 1114112K
  class space    used 6826K, committed 7360K, reserved 1048576K
}
Event: 53.609 GC heap before
{Heap before GC invocations=66 (full 3):
 PSYoungGen      total 10240K, used 10197K [0x00000000eab00000, 0x00000000ebe80000, 0x0000000100000000)
  eden space 8192K, 99% used [0x00000000eab00000,0x00000000eb2fd228,0x00000000eb300000)
  from space 2048K, 98% used [0x00000000eb780000,0x00000000eb9782e0,0x00000000eb980000)
  to   space 4608K, 0% used [0x00000000eb300000,0x00000000eb300000,0x00000000eb780000)
 ParOldGen       total 92160K, used 91849K [0x00000000c0000000, 0x00000000c5a00000, 0x00000000eab00000)
  object space 92160K, 99% used [0x00000000c0000000,0x00000000c59b25c0,0x00000000c5a00000)
 Metaspace       used 65266K, committed 66560K, reserved 1114112K
  class space    used 6828K, committed 7360K, reserved 1048576K
}
Event: 53.612 GC heap after
{Heap after GC invocations=66 (full 3):
 PSYoungGen      total 10240K, used 1894K [0x00000000eab00000, 0x00000000eb900000, 0x0000000100000000)
  eden space 8192K, 0% used [0x00000000eab00000,0x00000000eab00000,0x00000000eb300000)
  from space 2048K, 92% used [0x00000000eb300000,0x00000000eb4d98b8,0x00000000eb500000)
  to   space 3072K, 0% used [0x00000000eb600000,0x00000000eb600000,0x00000000eb900000)
 ParOldGen       total 94208K, used 93766K [0x00000000c0000000, 0x00000000c5c00000, 0x00000000eab00000)
  object space 94208K, 99% used [0x00000000c0000000,0x00000000c5b91af0,0x00000000c5c00000)
 Metaspace       used 65266K, committed 66560K, reserved 1114112K
  class space    used 6828K, committed 7360K, reserved 1048576K
}
Event: 53.694 GC heap before
{Heap before GC invocations=67 (full 3):
 PSYoungGen      total 10240K, used 10082K [0x00000000eab00000, 0x00000000eb900000, 0x0000000100000000)
  eden space 8192K, 99% used [0x00000000eab00000,0x00000000eb2ff178,0x00000000eb300000)
  from space 2048K, 92% used [0x00000000eb300000,0x00000000eb4d98b8,0x00000000eb500000)
  to   space 3072K, 0% used [0x00000000eb600000,0x00000000eb600000,0x00000000eb900000)
 ParOldGen       total 94208K, used 93766K [0x00000000c0000000, 0x00000000c5c00000, 0x00000000eab00000)
  object space 94208K, 99% used [0x00000000c0000000,0x00000000c5b91af0,0x00000000c5c00000)
 Metaspace       used 65294K, committed 66624K, reserved 1114112K
  class space    used 6828K, committed 7360K, reserved 1048576K
}
Event: 53.697 GC heap after
{Heap after GC invocations=67 (full 3):
 PSYoungGen      total 10240K, used 1707K [0x00000000eab00000, 0x00000000eb800000, 0x0000000100000000)
  eden space 8192K, 0% used [0x00000000eab00000,0x00000000eab00000,0x00000000eb300000)
  from space 2048K, 83% used [0x00000000eb600000,0x00000000eb7aafb0,0x00000000eb800000)
  to   space 2048K, 0% used [0x00000000eb300000,0x00000000eb300000,0x00000000eb500000)
 ParOldGen       total 95744K, used 95568K [0x00000000c0000000, 0x00000000c5d80000, 0x00000000eab00000)
  object space 95744K, 99% used [0x00000000c0000000,0x00000000c5d54100,0x00000000c5d80000)
 Metaspace       used 65294K, committed 66624K, reserved 1114112K
  class space    used 6828K, committed 7360K, reserved 1048576K
}
Event: 53.728 GC heap before
{Heap before GC invocations=68 (full 3):
 PSYoungGen      total 10240K, used 9899K [0x00000000eab00000, 0x00000000eb800000, 0x0000000100000000)
  eden space 8192K, 100% used [0x00000000eab00000,0x00000000eb300000,0x00000000eb300000)
  from space 2048K, 83% used [0x00000000eb600000,0x00000000eb7aafb0,0x00000000eb800000)
  to   space 2048K, 0% used [0x00000000eb300000,0x00000000eb300000,0x00000000eb500000)
 ParOldGen       total 95744K, used 95568K [0x00000000c0000000, 0x00000000c5d80000, 0x00000000eab00000)
  object space 95744K, 99% used [0x00000000c0000000,0x00000000c5d54100,0x00000000c5d80000)
 Metaspace       used 65298K, committed 66624K, reserved 1114112K
  class space    used 6828K, committed 7360K, reserved 1048576K
}
Event: 53.730 GC heap after
{Heap after GC invocations=68 (full 3):
 PSYoungGen      total 10240K, used 1839K [0x00000000eab00000, 0x00000000eb700000, 0x0000000100000000)
  eden space 8192K, 0% used [0x00000000eab00000,0x00000000eab00000,0x00000000eb300000)
  from space 2048K, 89% used [0x00000000eb300000,0x00000000eb4cbcb0,0x00000000eb500000)
  to   space 2048K, 0% used [0x00000000eb500000,0x00000000eb500000,0x00000000eb700000)
 ParOldGen       total 97280K, used 97187K [0x00000000c0000000, 0x00000000c5f00000, 0x00000000eab00000)
  object space 97280K, 99% used [0x00000000c0000000,0x00000000c5ee8c10,0x00000000c5f00000)
 Metaspace       used 65298K, committed 66624K, reserved 1114112K
  class space    used 6828K, committed 7360K, reserved 1048576K
}
Event: 53.775 GC heap before
{Heap before GC invocations=69 (full 3):
 PSYoungGen      total 10240K, used 10031K [0x00000000eab00000, 0x00000000eb700000, 0x0000000100000000)
  eden space 8192K, 100% used [0x00000000eab00000,0x00000000eb300000,0x00000000eb300000)
  from space 2048K, 89% used [0x00000000eb300000,0x00000000eb4cbcb0,0x00000000eb500000)
  to   space 2048K, 0% used [0x00000000eb500000,0x00000000eb500000,0x00000000eb700000)
 ParOldGen       total 97280K, used 97187K [0x00000000c0000000, 0x00000000c5f00000, 0x00000000eab00000)
  object space 97280K, 99% used [0x00000000c0000000,0x00000000c5ee8c10,0x00000000c5f00000)
 Metaspace       used 65298K, committed 66624K, reserved 1114112K
  class space    used 6828K, committed 7360K, reserved 1048576K
}
Event: 53.777 GC heap after
{Heap after GC invocations=69 (full 3):
 PSYoungGen      total 10240K, used 1998K [0x00000000eab00000, 0x00000000eb700000, 0x0000000100000000)
  eden space 8192K, 0% used [0x00000000eab00000,0x00000000eab00000,0x00000000eb300000)
  from space 2048K, 97% used [0x00000000eb500000,0x00000000eb6f39a8,0x00000000eb700000)
  to   space 2048K, 0% used [0x00000000eb300000,0x00000000eb300000,0x00000000eb500000)
 ParOldGen       total 99328K, used 98865K [0x00000000c0000000, 0x00000000c6100000, 0x00000000eab00000)
  object space 99328K, 99% used [0x00000000c0000000,0x00000000c608c668,0x00000000c6100000)
 Metaspace       used 65298K, committed 66624K, reserved 1114112K
  class space    used 6828K, committed 7360K, reserved 1048576K
}
Event: 53.828 GC heap before
{Heap before GC invocations=70 (full 3):
 PSYoungGen      total 10240K, used 10190K [0x00000000eab00000, 0x00000000eb700000, 0x0000000100000000)
  eden space 8192K, 100% used [0x00000000eab00000,0x00000000eb300000,0x00000000eb300000)
  from space 2048K, 97% used [0x00000000eb500000,0x00000000eb6f39a8,0x00000000eb700000)
  to   space 2048K, 0% used [0x00000000eb300000,0x00000000eb300000,0x00000000eb500000)
 ParOldGen       total 99328K, used 98865K [0x00000000c0000000, 0x00000000c6100000, 0x00000000eab00000)
  object space 99328K, 99% used [0x00000000c0000000,0x00000000c608c668,0x00000000c6100000)
 Metaspace       used 65298K, committed 66624K, reserved 1114112K
  class space    used 6828K, committed 7360K, reserved 1048576K
}
Event: 53.830 GC heap after
{Heap after GC invocations=70 (full 3):
 PSYoungGen      total 10240K, used 1956K [0x00000000eab00000, 0x00000000eb700000, 0x0000000100000000)
  eden space 8192K, 0% used [0x00000000eab00000,0x00000000eab00000,0x00000000eb300000)
  from space 2048K, 95% used [0x00000000eb300000,0x00000000eb4e9128,0x00000000eb500000)
  to   space 2048K, 0% used [0x00000000eb500000,0x00000000eb500000,0x00000000eb700000)
 ParOldGen       total 100864K, used 100740K [0x00000000c0000000, 0x00000000c6280000, 0x00000000eab00000)
  object space 100864K, 99% used [0x00000000c0000000,0x00000000c6261050,0x00000000c6280000)
 Metaspace       used 65298K, committed 66624K, reserved 1114112K
  class space    used 6828K, committed 7360K, reserved 1048576K
}

