# JRE version: OpenJDK Runtime Environment Temurin-21.0.6+7 (21.0.6+7) (build 21.0.6+7-LTS)
# Java VM: OpenJDK 64-Bit Server VM Temurin-21.0.6+7 (21.0.6+7-LTS, mixed mode, sharing, tiered, compressed oops, compressed class ptrs, parallel gc, windows-amd64)
GC Precious Log:
 CardTable entry size: 512
 CPUs: 4 total, 4 available
 Memory: 7926M
 Large Page Support: Disabled
 NUMA Support: Disabled
 Compressed Oops: Enabled (32-bit)
 Alignments: Space 512K, Generation 512K, Heap 2M
 Heap Min Capacity: 100M
 Heap Initial Capacity: 100M
 Heap Max Capacity: 1G
 Pre-touch: Disabled
 Parallel Workers: 4
Heap:
 PSYoungGen      total 14848K, used 14567K [0x00000000eab00000, 0x00000000ebd80000, 0x0000000100000000)
  eden space 10752K, 100% used [0x00000000eab00000,0x00000000eb580000,0x00000000eb580000)
  from space 4096K, 93% used [0x00000000eb980000,0x00000000ebd39c90,0x00000000ebd80000)
  to   space 4096K, 80% used [0x00000000eb580000,0x00000000eb8b9f68,0x00000000eb980000)
 ParOldGen       total 287744K, used 287741K [0x00000000c0000000, 0x00000000d1900000, 0x00000000eab00000)
  object space 287744K, 99% used [0x00000000c0000000,0x00000000d18ff550,0x00000000d1900000)
 Metaspace       used 59344K, committed 60672K, reserved 1114112K
  class space    used 6158K, committed 6720K, reserved 1048576K
GC Heap History (20 events):
Event: 37.266 GC heap after
{Heap after GC invocations=306 (full 4):
 PSYoungGen      total 8704K, used 2311K [0x00000000eab00000, 0x00000000eb680000, 0x0000000100000000)
  eden space 6144K, 0% used [0x00000000eab00000,0x00000000eab00000,0x00000000eb100000)
  from space 2560K, 90% used [0x00000000eb400000,0x00000000eb641d80,0x00000000eb680000)
  to   space 2560K, 0% used [0x00000000eb100000,0x00000000eb100000,0x00000000eb380000)
 ParOldGen       total 286208K, used 266247K [0x00000000c0000000, 0x00000000d1780000, 0x00000000eab00000)
  object space 286208K, 93% used [0x00000000c0000000,0x00000000d0401c88,0x00000000d1780000)
 Metaspace       used 59336K, committed 60672K, reserved 1114112K
  class space    used 6158K, committed 6720K, reserved 1048576K
}
Event: 37.278 GC heap before
{Heap before GC invocations=307 (full 4):
 PSYoungGen      total 8704K, used 8455K [0x00000000eab00000, 0x00000000eb680000, 0x0000000100000000)
  eden space 6144K, 100% used [0x00000000eab00000,0x00000000eb100000,0x00000000eb100000)
  from space 2560K, 90% used [0x00000000eb400000,0x00000000eb641d80,0x00000000eb680000)
  to   space 2560K, 0% used [0x00000000eb100000,0x00000000eb100000,0x00000000eb380000)
 ParOldGen       total 286208K, used 266247K [0x00000000c0000000, 0x00000000d1780000, 0x00000000eab00000)
  object space 286208K, 93% used [0x00000000c0000000,0x00000000d0401c88,0x00000000d1780000)
 Metaspace       used 59336K, committed 60672K, reserved 1114112K
  class space    used 6158K, committed 6720K, reserved 1048576K
}
Event: 37.281 GC heap after
{Heap after GC invocations=307 (full 4):
 PSYoungGen      total 8704K, used 2152K [0x00000000eab00000, 0x00000000eb600000, 0x0000000100000000)
  eden space 6144K, 0% used [0x00000000eab00000,0x00000000eab00000,0x00000000eb100000)
  from space 2560K, 84% used [0x00000000eb100000,0x00000000eb31a388,0x00000000eb380000)
  to   space 2560K, 0% used [0x00000000eb380000,0x00000000eb380000,0x00000000eb600000)
 ParOldGen       total 286208K, used 268370K [0x00000000c0000000, 0x00000000d1780000, 0x00000000eab00000)
  object space 286208K, 93% used [0x00000000c0000000,0x00000000d0614900,0x00000000d1780000)
 Metaspace       used 59336K, committed 60672K, reserved 1114112K
  class space    used 6158K, committed 6720K, reserved 1048576K
}
Event: 37.293 GC heap before
{Heap before GC invocations=308 (full 4):
 PSYoungGen      total 8704K, used 8296K [0x00000000eab00000, 0x00000000eb600000, 0x0000000100000000)
  eden space 6144K, 100% used [0x00000000eab00000,0x00000000eb100000,0x00000000eb100000)
  from space 2560K, 84% used [0x00000000eb100000,0x00000000eb31a388,0x00000000eb380000)
  to   space 2560K, 0% used [0x00000000eb380000,0x00000000eb380000,0x00000000eb600000)
 ParOldGen       total 286208K, used 268370K [0x00000000c0000000, 0x00000000d1780000, 0x00000000eab00000)
  object space 286208K, 93% used [0x00000000c0000000,0x00000000d0614900,0x00000000d1780000)
 Metaspace       used 59336K, committed 60672K, reserved 1114112K
  class space    used 6158K, committed 6720K, reserved 1048576K
}
Event: 37.296 GC heap after
{Heap after GC invocations=308 (full 4):
 PSYoungGen      total 9216K, used 1933K [0x00000000eab00000, 0x00000000eb680000, 0x0000000100000000)
  eden space 6656K, 0% used [0x00000000eab00000,0x00000000eab00000,0x00000000eb180000)
  from space 2560K, 75% used [0x00000000eb380000,0x00000000eb563418,0x00000000eb600000)
  to   space 2048K, 0% used [0x00000000eb180000,0x00000000eb180000,0x00000000eb380000)
 ParOldGen       total 286208K, used 270434K [0x00000000c0000000, 0x00000000d1780000, 0x00000000eab00000)
  object space 286208K, 94% used [0x00000000c0000000,0x00000000d08188c8,0x00000000d1780000)
 Metaspace       used 59336K, committed 60672K, reserved 1114112K
  class space    used 6158K, committed 6720K, reserved 1048576K
}
Event: 37.312 GC heap before
{Heap before GC invocations=309 (full 4):
 PSYoungGen      total 9216K, used 8579K [0x00000000eab00000, 0x00000000eb680000, 0x0000000100000000)
  eden space 6656K, 99% used [0x00000000eab00000,0x00000000eb17d980,0x00000000eb180000)
  from space 2560K, 75% used [0x00000000eb380000,0x00000000eb563418,0x00000000eb600000)
  to   space 2048K, 0% used [0x00000000eb180000,0x00000000eb180000,0x00000000eb380000)
 ParOldGen       total 286208K, used 270434K [0x00000000c0000000, 0x00000000d1780000, 0x00000000eab00000)
  object space 286208K, 94% used [0x00000000c0000000,0x00000000d08188c8,0x00000000d1780000)
 Metaspace       used 59336K, committed 60672K, reserved 1114112K
  class space    used 6158K, committed 6720K, reserved 1048576K
}
Event: 37.314 GC heap after
{Heap after GC invocations=309 (full 4):
 PSYoungGen      total 8704K, used 2043K [0x00000000eab00000, 0x00000000ebb80000, 0x0000000100000000)
  eden space 6656K, 0% used [0x00000000eab00000,0x00000000eab00000,0x00000000eb180000)
  from space 2048K, 99% used [0x00000000eb180000,0x00000000eb37eea0,0x00000000eb380000)
  to   space 4608K, 0% used [0x00000000eb700000,0x00000000eb700000,0x00000000ebb80000)
 ParOldGen       total 286208K, used 272541K [0x00000000c0000000, 0x00000000d1780000, 0x00000000eab00000)
  object space 286208K, 95% used [0x00000000c0000000,0x00000000d0a27748,0x00000000d1780000)
 Metaspace       used 59336K, committed 60672K, reserved 1114112K
  class space    used 6158K, committed 6720K, reserved 1048576K
}
Event: 37.328 GC heap before
{Heap before GC invocations=310 (full 4):
 PSYoungGen      total 8704K, used 8699K [0x00000000eab00000, 0x00000000ebb80000, 0x0000000100000000)
  eden space 6656K, 100% used [0x00000000eab00000,0x00000000eb180000,0x00000000eb180000)
  from space 2048K, 99% used [0x00000000eb180000,0x00000000eb37eea0,0x00000000eb380000)
  to   space 4608K, 0% used [0x00000000eb700000,0x00000000eb700000,0x00000000ebb80000)
 ParOldGen       total 286208K, used 272541K [0x00000000c0000000, 0x00000000d1780000, 0x00000000eab00000)
  object space 286208K, 95% used [0x00000000c0000000,0x00000000d0a27748,0x00000000d1780000)
 Metaspace       used 59336K, committed 60672K, reserved 1114112K
  class space    used 6158K, committed 6720K, reserved 1048576K
}
Event: 37.331 GC heap after
{Heap after GC invocations=310 (full 4):
 PSYoungGen      total 10752K, used 2596K [0x00000000eab00000, 0x00000000eba00000, 0x0000000100000000)
  eden space 7680K, 0% used [0x00000000eab00000,0x00000000eab00000,0x00000000eb280000)
  from space 3072K, 84% used [0x00000000eb700000,0x00000000eb989018,0x00000000eba00000)
  to   space 3584K, 0% used [0x00000000eb300000,0x00000000eb300000,0x00000000eb680000)
 ParOldGen       total 286208K, used 274503K [0x00000000c0000000, 0x00000000d1780000, 0x00000000eab00000)
  object space 286208K, 95% used [0x00000000c0000000,0x00000000d0c11d58,0x00000000d1780000)
 Metaspace       used 59336K, committed 60672K, reserved 1114112K
  class space    used 6158K, committed 6720K, reserved 1048576K
}
Event: 37.341 GC heap before
{Heap before GC invocations=311 (full 4):
 PSYoungGen      total 10752K, used 10276K [0x00000000eab00000, 0x00000000eba00000, 0x0000000100000000)
  eden space 7680K, 100% used [0x00000000eab00000,0x00000000eb280000,0x00000000eb280000)
  from space 3072K, 84% used [0x00000000eb700000,0x00000000eb989018,0x00000000eba00000)
  to   space 3584K, 0% used [0x00000000eb300000,0x00000000eb300000,0x00000000eb680000)
 ParOldGen       total 286208K, used 274503K [0x00000000c0000000, 0x00000000d1780000, 0x00000000eab00000)
  object space 286208K, 95% used [0x00000000c0000000,0x00000000d0c11d58,0x00000000d1780000)
 Metaspace       used 59336K, committed 60672K, reserved 1114112K
  class space    used 6158K, committed 6720K, reserved 1048576K
}
Event: 37.344 GC heap after
{Heap after GC invocations=311 (full 4):
 PSYoungGen      total 11776K, used 3051K [0x00000000eab00000, 0x00000000ebb00000, 0x0000000100000000)
  eden space 8192K, 0% used [0x00000000eab00000,0x00000000eab00000,0x00000000eb300000)
  from space 3584K, 85% used [0x00000000eb300000,0x00000000eb5faef0,0x00000000eb680000)
  to   space 3584K, 0% used [0x00000000eb780000,0x00000000eb780000,0x00000000ebb00000)
 ParOldGen       total 286208K, used 276985K [0x00000000c0000000, 0x00000000d1780000, 0x00000000eab00000)
  object space 286208K, 96% used [0x00000000c0000000,0x00000000d0e7e720,0x00000000d1780000)
 Metaspace       used 59336K, committed 60672K, reserved 1114112K
  class space    used 6158K, committed 6720K, reserved 1048576K
}
Event: 37.356 GC heap before
{Heap before GC invocations=312 (full 4):
 PSYoungGen      total 11776K, used 11165K [0x00000000eab00000, 0x00000000ebb00000, 0x0000000100000000)
  eden space 8192K, 99% used [0x00000000eab00000,0x00000000eb2ec840,0x00000000eb300000)
  from space 3584K, 85% used [0x00000000eb300000,0x00000000eb5faef0,0x00000000eb680000)
  to   space 3584K, 0% used [0x00000000eb780000,0x00000000eb780000,0x00000000ebb00000)
 ParOldGen       total 286208K, used 276985K [0x00000000c0000000, 0x00000000d1780000, 0x00000000eab00000)
  object space 286208K, 96% used [0x00000000c0000000,0x00000000d0e7e720,0x00000000d1780000)
 Metaspace       used 59336K, committed 60672K, reserved 1114112K
  class space    used 6158K, committed 6720K, reserved 1048576K
}
Event: 37.360 GC heap after
{Heap after GC invocations=312 (full 4):
 PSYoungGen      total 12800K, used 3182K [0x00000000eab00000, 0x00000000ebb80000, 0x0000000100000000)
  eden space 9216K, 0% used [0x00000000eab00000,0x00000000eab00000,0x00000000eb400000)
  from space 3584K, 88% used [0x00000000eb780000,0x00000000eba9bad8,0x00000000ebb00000)
  to   space 3584K, 0% used [0x00000000eb400000,0x00000000eb400000,0x00000000eb780000)
 ParOldGen       total 286208K, used 279851K [0x00000000c0000000, 0x00000000d1780000, 0x00000000eab00000)
  object space 286208K, 97% used [0x00000000c0000000,0x00000000d114af90,0x00000000d1780000)
 Metaspace       used 59336K, committed 60672K, reserved 1114112K
  class space    used 6158K, committed 6720K, reserved 1048576K
}
Event: 37.376 GC heap before
{Heap before GC invocations=313 (full 4):
 PSYoungGen      total 12800K, used 12353K [0x00000000eab00000, 0x00000000ebb80000, 0x0000000100000000)
  eden space 9216K, 99% used [0x00000000eab00000,0x00000000eb3f49b0,0x00000000eb400000)
  from space 3584K, 88% used [0x00000000eb780000,0x00000000eba9bad8,0x00000000ebb00000)
  to   space 3584K, 0% used [0x00000000eb400000,0x00000000eb400000,0x00000000eb780000)
 ParOldGen       total 286208K, used 279851K [0x00000000c0000000, 0x00000000d1780000, 0x00000000eab00000)
  object space 286208K, 97% used [0x00000000c0000000,0x00000000d114af90,0x00000000d1780000)
 Metaspace       used 59336K, committed 60672K, reserved 1114112K
  class space    used 6158K, committed 6720K, reserved 1048576K
}
Event: 37.380 GC heap after
{Heap after GC invocations=313 (full 4):
 PSYoungGen      total 12800K, used 3555K [0x00000000eab00000, 0x00000000ebd80000, 0x0000000100000000)
  eden space 9216K, 0% used [0x00000000eab00000,0x00000000eab00000,0x00000000eb400000)
  from space 3584K, 99% used [0x00000000eb400000,0x00000000eb778cb0,0x00000000eb780000)
  to   space 4096K, 0% used [0x00000000eb980000,0x00000000eb980000,0x00000000ebd80000)
 ParOldGen       total 286208K, used 283102K [0x00000000c0000000, 0x00000000d1780000, 0x00000000eab00000)
  object space 286208K, 98% used [0x00000000c0000000,0x00000000d1477a10,0x00000000d1780000)
 Metaspace       used 59336K, committed 60672K, reserved 1114112K
  class space    used 6158K, committed 6720K, reserved 1048576K
}
Event: 37.394 GC heap before
{Heap before GC invocations=314 (full 4):
 PSYoungGen      total 12800K, used 12707K [0x00000000eab00000, 0x00000000ebd80000, 0x0000000100000000)
  eden space 9216K, 99% used [0x00000000eab00000,0x00000000eb3f00a0,0x00000000eb400000)
  from space 3584K, 99% used [0x00000000eb400000,0x00000000eb778cb0,0x00000000eb780000)
  to   space 4096K, 0% used [0x00000000eb980000,0x00000000eb980000,0x00000000ebd80000)
 ParOldGen       total 286208K, used 283102K [0x00000000c0000000, 0x00000000d1780000, 0x00000000eab00000)
  object space 286208K, 98% used [0x00000000c0000000,0x00000000d1477a10,0x00000000d1780000)
 Metaspace       used 59336K, committed 60672K, reserved 1114112K
  class space    used 6158K, committed 6720K, reserved 1048576K
}
Event: 37.398 GC heap after
{Heap after GC invocations=314 (full 4):
 PSYoungGen      total 14848K, used 3815K [0x00000000eab00000, 0x00000000ebd80000, 0x0000000100000000)
  eden space 10752K, 0% used [0x00000000eab00000,0x00000000eab00000,0x00000000eb580000)
  from space 4096K, 93% used [0x00000000eb980000,0x00000000ebd39c90,0x00000000ebd80000)
  to   space 4096K, 0% used [0x00000000eb580000,0x00000000eb580000,0x00000000eb980000)
 ParOldGen       total 286720K, used 286508K [0x00000000c0000000, 0x00000000d1800000, 0x00000000eab00000)
  object space 286720K, 99% used [0x00000000c0000000,0x00000000d17cb1c0,0x00000000d1800000)
 Metaspace       used 59336K, committed 60672K, reserved 1114112K
  class space    used 6158K, committed 6720K, reserved 1048576K
}
Event: 37.573 GC heap before
{Heap before GC invocations=315 (full 4):
 PSYoungGen      total 14848K, used 14567K [0x00000000eab00000, 0x00000000ebd80000, 0x0000000100000000)
  eden space 10752K, 100% used [0x00000000eab00000,0x00000000eb580000,0x00000000eb580000)
  from space 4096K, 93% used [0x00000000eb980000,0x00000000ebd39c90,0x00000000ebd80000)
  to   space 4096K, 0% used [0x00000000eb580000,0x00000000eb580000,0x00000000eb980000)
 ParOldGen       total 286720K, used 286508K [0x00000000c0000000, 0x00000000d1800000, 0x00000000eab00000)
  object space 286720K, 99% used [0x00000000c0000000,0x00000000d17cb1c0,0x00000000d1800000)
 Metaspace       used 59344K, committed 60672K, reserved 1114112K
  class space    used 6158K, committed 6720K, reserved 1048576K
}
Event: 37.611 GC heap after
{Heap after GC invocations=315 (full 4):
 PSYoungGen      total 14848K, used 14567K [0x00000000eab00000, 0x00000000ebd80000, 0x0000000100000000)
  eden space 10752K, 100% used [0x00000000eab00000,0x00000000eb580000,0x00000000eb580000)
  from space 4096K, 93% used [0x00000000eb980000,0x00000000ebd39c90,0x00000000ebd80000)
  to   space 4096K, 80% used [0x00000000eb580000,0x00000000eb8b9f68,0x00000000eb980000)
 ParOldGen       total 287744K, used 287741K [0x00000000c0000000, 0x00000000d1900000, 0x00000000eab00000)
  object space 287744K, 99% used [0x00000000c0000000,0x00000000d18ff550,0x00000000d1900000)
 Metaspace       used 59344K, committed 60672K, reserved 1114112K
  class space    used 6158K, committed 6720K, reserved 1048576K
}
Event: 37.611 GC heap before
{Heap before GC invocations=316 (full 5):
 PSYoungGen      total 14848K, used 14567K [0x00000000eab00000, 0x00000000ebd80000, 0x0000000100000000)
  eden space 10752K, 100% used [0x00000000eab00000,0x00000000eb580000,0x00000000eb580000)
  from space 4096K, 93% used [0x00000000eb980000,0x00000000ebd39c90,0x00000000ebd80000)
  to   space 4096K, 80% used [0x00000000eb580000,0x00000000eb8b9f68,0x00000000eb980000)
 ParOldGen       total 287744K, used 287741K [0x00000000c0000000, 0x00000000d1900000, 0x00000000eab00000)
  object space 287744K, 99% used [0x00000000c0000000,0x00000000d18ff550,0x00000000d1900000)
 Metaspace       used 59344K, committed 60672K, reserved 1114112K
  class space    used 6158K, committed 6720K, reserved 1048576K
}

