# JRE version: OpenJDK Runtime Environment Temurin-21.0.6+7 (21.0.6+7) (build 21.0.6+7-LTS)
# Java VM: OpenJDK 64-Bit Server VM Temurin-21.0.6+7 (21.0.6+7-LTS, mixed mode, sharing, tiered, compressed oops, compressed class ptrs, parallel gc, windows-amd64)
GC Precious Log:
 CardTable entry size: 512
 CPUs: 4 total, 4 available
 Memory: 7926M
 Large Page Support: Disabled
 NUMA Support: Disabled
 Compressed Oops: Enabled (32-bit)
 Alignments: Space 512K, Generation 512K, Heap 2M
 Heap Min Capacity: 100M
 Heap Initial Capacity: 100M
 Heap Max Capacity: 1G
 Pre-touch: Disabled
 Parallel Workers: 4
Heap:
 PSYoungGen      total 3072K, used 2148K [0x00000000eab00000, 0x00000000eb100000, 0x0000000100000000)
  eden space 2048K, 54% used [0x00000000eab00000,0x00000000eac19128,0x00000000ead00000)
  from space 1024K, 100% used [0x00000000eb000000,0x00000000eb100000,0x00000000eb100000)
  to   space 1536K, 0% used [0x00000000eae00000,0x00000000eae00000,0x00000000eaf80000)
 ParOldGen       total 505856K, used 505585K [0x00000000c0000000, 0x00000000dee00000, 0x00000000eab00000)
  object space 505856K, 99% used [0x00000000c0000000,0x00000000dedbc7c8,0x00000000dee00000)
 Metaspace       used 67552K, committed 68928K, reserved 1114112K
  class space    used 7007K, committed 7616K, reserved 1048576K
GC Heap History (20 events):
Event: 83.679 GC heap before
{Heap before GC invocations=324 (full 3):
 PSYoungGen      total 7680K, used 7495K [0x00000000eab00000, 0x00000000eb580000, 0x0000000100000000)
  eden space 4608K, 100% used [0x00000000eab00000,0x00000000eaf80000,0x00000000eaf80000)
  from space 3072K, 93% used [0x00000000eb280000,0x00000000eb551e98,0x00000000eb580000)
  to   space 3072K, 0% used [0x00000000eaf80000,0x00000000eaf80000,0x00000000eb280000)
 ParOldGen       total 483328K, used 483215K [0x00000000c0000000, 0x00000000dd800000, 0x00000000eab00000)
  object space 483328K, 99% used [0x00000000c0000000,0x00000000dd7e3fa0,0x00000000dd800000)
 Metaspace       used 67210K, committed 68608K, reserved 1114112K
  class space    used 6981K, committed 7616K, reserved 1048576K
}
Event: 83.689 GC heap after
{Heap after GC invocations=324 (full 3):
 PSYoungGen      total 7680K, used 2432K [0x00000000eab00000, 0x00000000eb580000, 0x0000000100000000)
  eden space 4608K, 0% used [0x00000000eab00000,0x00000000eab00000,0x00000000eaf80000)
  from space 3072K, 79% used [0x00000000eaf80000,0x00000000eb1e0000,0x00000000eb280000)
  to   space 3072K, 0% used [0x00000000eb280000,0x00000000eb280000,0x00000000eb580000)
 ParOldGen       total 485888K, used 485428K [0x00000000c0000000, 0x00000000dda80000, 0x00000000eab00000)
  object space 485888K, 99% used [0x00000000c0000000,0x00000000dda0d220,0x00000000dda80000)
 Metaspace       used 67210K, committed 68608K, reserved 1114112K
  class space    used 6981K, committed 7616K, reserved 1048576K
}
Event: 83.836 GC heap before
{Heap before GC invocations=325 (full 3):
 PSYoungGen      total 7680K, used 7040K [0x00000000eab00000, 0x00000000eb580000, 0x0000000100000000)
  eden space 4608K, 100% used [0x00000000eab00000,0x00000000eaf80000,0x00000000eaf80000)
  from space 3072K, 79% used [0x00000000eaf80000,0x00000000eb1e0000,0x00000000eb280000)
  to   space 3072K, 0% used [0x00000000eb280000,0x00000000eb280000,0x00000000eb580000)
 ParOldGen       total 485888K, used 485428K [0x00000000c0000000, 0x00000000dda80000, 0x00000000eab00000)
  object space 485888K, 99% used [0x00000000c0000000,0x00000000dda0d220,0x00000000dda80000)
 Metaspace       used 67272K, committed 68672K, reserved 1114112K
  class space    used 6988K, committed 7616K, reserved 1048576K
}
Event: 83.856 GC heap after
{Heap after GC invocations=325 (full 3):
 PSYoungGen      total 7680K, used 2728K [0x00000000eab00000, 0x00000000eb580000, 0x0000000100000000)
  eden space 4608K, 0% used [0x00000000eab00000,0x00000000eab00000,0x00000000eaf80000)
  from space 3072K, 88% used [0x00000000eb280000,0x00000000eb52a000,0x00000000eb580000)
  to   space 3072K, 0% used [0x00000000eaf80000,0x00000000eaf80000,0x00000000eb280000)
 ParOldGen       total 487936K, used 487808K [0x00000000c0000000, 0x00000000ddc80000, 0x00000000eab00000)
  object space 487936K, 99% used [0x00000000c0000000,0x00000000ddc60268,0x00000000ddc80000)
 Metaspace       used 67272K, committed 68672K, reserved 1114112K
  class space    used 6988K, committed 7616K, reserved 1048576K
}
Event: 84.009 GC heap before
{Heap before GC invocations=326 (full 3):
 PSYoungGen      total 7680K, used 7336K [0x00000000eab00000, 0x00000000eb580000, 0x0000000100000000)
  eden space 4608K, 100% used [0x00000000eab00000,0x00000000eaf80000,0x00000000eaf80000)
  from space 3072K, 88% used [0x00000000eb280000,0x00000000eb52a000,0x00000000eb580000)
  to   space 3072K, 0% used [0x00000000eaf80000,0x00000000eaf80000,0x00000000eb280000)
 ParOldGen       total 487936K, used 487808K [0x00000000c0000000, 0x00000000ddc80000, 0x00000000eab00000)
  object space 487936K, 99% used [0x00000000c0000000,0x00000000ddc60268,0x00000000ddc80000)
 Metaspace       used 67349K, committed 68736K, reserved 1114112K
  class space    used 6993K, committed 7616K, reserved 1048576K
}
Event: 84.021 GC heap after
{Heap after GC invocations=326 (full 3):
 PSYoungGen      total 7680K, used 3052K [0x00000000eab00000, 0x00000000ebc80000, 0x0000000100000000)
  eden space 4608K, 0% used [0x00000000eab00000,0x00000000eab00000,0x00000000eaf80000)
  from space 3072K, 99% used [0x00000000eaf80000,0x00000000eb27b3c8,0x00000000eb280000)
  to   space 6656K, 0% used [0x00000000eb600000,0x00000000eb600000,0x00000000ebc80000)
 ParOldGen       total 491008K, used 490584K [0x00000000c0000000, 0x00000000ddf80000, 0x00000000eab00000)
  object space 491008K, 99% used [0x00000000c0000000,0x00000000ddf16268,0x00000000ddf80000)
 Metaspace       used 67349K, committed 68736K, reserved 1114112K
  class space    used 6993K, committed 7616K, reserved 1048576K
}
Event: 84.122 GC heap before
{Heap before GC invocations=327 (full 3):
 PSYoungGen      total 7680K, used 7660K [0x00000000eab00000, 0x00000000ebc80000, 0x0000000100000000)
  eden space 4608K, 100% used [0x00000000eab00000,0x00000000eaf80000,0x00000000eaf80000)
  from space 3072K, 99% used [0x00000000eaf80000,0x00000000eb27b3c8,0x00000000eb280000)
  to   space 6656K, 0% used [0x00000000eb600000,0x00000000eb600000,0x00000000ebc80000)
 ParOldGen       total 491008K, used 490584K [0x00000000c0000000, 0x00000000ddf80000, 0x00000000eab00000)
  object space 491008K, 99% used [0x00000000c0000000,0x00000000ddf16268,0x00000000ddf80000)
 Metaspace       used 67391K, committed 68736K, reserved 1114112K
  class space    used 6993K, committed 7616K, reserved 1048576K
}
Event: 84.136 GC heap after
{Heap after GC invocations=327 (full 3):
 PSYoungGen      total 8192K, used 3342K [0x00000000eab00000, 0x00000000eb980000, 0x0000000100000000)
  eden space 4608K, 0% used [0x00000000eab00000,0x00000000eab00000,0x00000000eaf80000)
  from space 3584K, 93% used [0x00000000eb600000,0x00000000eb943be0,0x00000000eb980000)
  to   space 4608K, 0% used [0x00000000eb080000,0x00000000eb080000,0x00000000eb500000)
 ParOldGen       total 492544K, used 492069K [0x00000000c0000000, 0x00000000de100000, 0x00000000eab00000)
  object space 492544K, 99% used [0x00000000c0000000,0x00000000de089628,0x00000000de100000)
 Metaspace       used 67391K, committed 68736K, reserved 1114112K
  class space    used 6993K, committed 7616K, reserved 1048576K
}
Event: 84.222 GC heap before
{Heap before GC invocations=328 (full 3):
 PSYoungGen      total 8192K, used 7950K [0x00000000eab00000, 0x00000000eb980000, 0x0000000100000000)
  eden space 4608K, 100% used [0x00000000eab00000,0x00000000eaf80000,0x00000000eaf80000)
  from space 3584K, 93% used [0x00000000eb600000,0x00000000eb943be0,0x00000000eb980000)
  to   space 4608K, 0% used [0x00000000eb080000,0x00000000eb080000,0x00000000eb500000)
 ParOldGen       total 492544K, used 492069K [0x00000000c0000000, 0x00000000de100000, 0x00000000eab00000)
  object space 492544K, 99% used [0x00000000c0000000,0x00000000de089628,0x00000000de100000)
 Metaspace       used 67415K, committed 68800K, reserved 1114112K
  class space    used 6996K, committed 7616K, reserved 1048576K
}
Event: 84.242 GC heap after
{Heap after GC invocations=328 (full 3):
 PSYoungGen      total 8192K, used 3136K [0x00000000eab00000, 0x00000000eb680000, 0x0000000100000000)
  eden space 4608K, 0% used [0x00000000eab00000,0x00000000eab00000,0x00000000eaf80000)
  from space 3584K, 87% used [0x00000000eb080000,0x00000000eb390000,0x00000000eb400000)
  to   space 2560K, 0% used [0x00000000eb400000,0x00000000eb400000,0x00000000eb680000)
 ParOldGen       total 495616K, used 495209K [0x00000000c0000000, 0x00000000de400000, 0x00000000eab00000)
  object space 495616K, 99% used [0x00000000c0000000,0x00000000de39a778,0x00000000de400000)
 Metaspace       used 67415K, committed 68800K, reserved 1114112K
  class space    used 6996K, committed 7616K, reserved 1048576K
}
Event: 84.384 GC heap before
{Heap before GC invocations=329 (full 3):
 PSYoungGen      total 8192K, used 7744K [0x00000000eab00000, 0x00000000eb680000, 0x0000000100000000)
  eden space 4608K, 100% used [0x00000000eab00000,0x00000000eaf80000,0x00000000eaf80000)
  from space 3584K, 87% used [0x00000000eb080000,0x00000000eb390000,0x00000000eb400000)
  to   space 2560K, 0% used [0x00000000eb400000,0x00000000eb400000,0x00000000eb680000)
 ParOldGen       total 495616K, used 495209K [0x00000000c0000000, 0x00000000de400000, 0x00000000eab00000)
  object space 495616K, 99% used [0x00000000c0000000,0x00000000de39a778,0x00000000de400000)
 Metaspace       used 67422K, committed 68800K, reserved 1114112K
  class space    used 6997K, committed 7616K, reserved 1048576K
}
Event: 84.405 GC heap after
{Heap after GC invocations=329 (full 3):
 PSYoungGen      total 4608K, used 2560K [0x00000000eab00000, 0x00000000ebd80000, 0x0000000100000000)
  eden space 2048K, 0% used [0x00000000eab00000,0x00000000eab00000,0x00000000ead00000)
  from space 2560K, 100% used [0x00000000eb400000,0x00000000eb680000,0x00000000eb680000)
  to   space 7168K, 0% used [0x00000000ead00000,0x00000000ead00000,0x00000000eb400000)
 ParOldGen       total 499200K, used 498809K [0x00000000c0000000, 0x00000000de780000, 0x00000000eab00000)
  object space 499200K, 99% used [0x00000000c0000000,0x00000000de71e7b8,0x00000000de780000)
 Metaspace       used 67422K, committed 68800K, reserved 1114112K
  class space    used 6997K, committed 7616K, reserved 1048576K
}
Event: 84.462 GC heap before
{Heap before GC invocations=330 (full 3):
 PSYoungGen      total 4608K, used 4607K [0x00000000eab00000, 0x00000000ebd80000, 0x0000000100000000)
  eden space 2048K, 99% used [0x00000000eab00000,0x00000000eacffff0,0x00000000ead00000)
  from space 2560K, 100% used [0x00000000eb400000,0x00000000eb680000,0x00000000eb680000)
  to   space 7168K, 0% used [0x00000000ead00000,0x00000000ead00000,0x00000000eb400000)
 ParOldGen       total 499200K, used 498809K [0x00000000c0000000, 0x00000000de780000, 0x00000000eab00000)
  object space 499200K, 99% used [0x00000000c0000000,0x00000000de71e7b8,0x00000000de780000)
 Metaspace       used 67422K, committed 68800K, reserved 1114112K
  class space    used 6997K, committed 7616K, reserved 1048576K
}
Event: 84.479 GC heap after
{Heap after GC invocations=330 (full 3):
 PSYoungGen      total 3584K, used 1312K [0x00000000eab00000, 0x00000000eb480000, 0x0000000100000000)
  eden space 2048K, 0% used [0x00000000eab00000,0x00000000eab00000,0x00000000ead00000)
  from space 1536K, 85% used [0x00000000ead00000,0x00000000eae48000,0x00000000eae80000)
  to   space 3584K, 0% used [0x00000000eb100000,0x00000000eb100000,0x00000000eb480000)
 ParOldGen       total 501760K, used 501393K [0x00000000c0000000, 0x00000000dea00000, 0x00000000eab00000)
  object space 501760K, 99% used [0x00000000c0000000,0x00000000de9a47c8,0x00000000dea00000)
 Metaspace       used 67422K, committed 68800K, reserved 1114112K
  class space    used 6997K, committed 7616K, reserved 1048576K
}
Event: 84.529 GC heap before
{Heap before GC invocations=331 (full 3):
 PSYoungGen      total 3584K, used 3360K [0x00000000eab00000, 0x00000000eb480000, 0x0000000100000000)
  eden space 2048K, 100% used [0x00000000eab00000,0x00000000ead00000,0x00000000ead00000)
  from space 1536K, 85% used [0x00000000ead00000,0x00000000eae48000,0x00000000eae80000)
  to   space 3584K, 0% used [0x00000000eb100000,0x00000000eb100000,0x00000000eb480000)
 ParOldGen       total 501760K, used 501393K [0x00000000c0000000, 0x00000000dea00000, 0x00000000eab00000)
  object space 501760K, 99% used [0x00000000c0000000,0x00000000de9a47c8,0x00000000dea00000)
 Metaspace       used 67422K, committed 68800K, reserved 1114112K
  class space    used 6997K, committed 7616K, reserved 1048576K
}
Event: 84.539 GC heap after
{Heap after GC invocations=331 (full 3):
 PSYoungGen      total 3584K, used 1504K [0x00000000eab00000, 0x00000000eb280000, 0x0000000100000000)
  eden space 2048K, 0% used [0x00000000eab00000,0x00000000eab00000,0x00000000ead00000)
  from space 1536K, 97% used [0x00000000eb100000,0x00000000eb278000,0x00000000eb280000)
  to   space 2048K, 0% used [0x00000000eae80000,0x00000000eae80000,0x00000000eb080000)
 ParOldGen       total 502784K, used 502649K [0x00000000c0000000, 0x00000000deb00000, 0x00000000eab00000)
  object space 502784K, 99% used [0x00000000c0000000,0x00000000deade7c8,0x00000000deb00000)
 Metaspace       used 67422K, committed 68800K, reserved 1114112K
  class space    used 6997K, committed 7616K, reserved 1048576K
}
Event: 84.604 GC heap before
{Heap before GC invocations=332 (full 3):
 PSYoungGen      total 3584K, used 3552K [0x00000000eab00000, 0x00000000eb280000, 0x0000000100000000)
  eden space 2048K, 100% used [0x00000000eab00000,0x00000000ead00000,0x00000000ead00000)
  from space 1536K, 97% used [0x00000000eb100000,0x00000000eb278000,0x00000000eb280000)
  to   space 2048K, 0% used [0x00000000eae80000,0x00000000eae80000,0x00000000eb080000)
 ParOldGen       total 502784K, used 502649K [0x00000000c0000000, 0x00000000deb00000, 0x00000000eab00000)
  object space 502784K, 99% used [0x00000000c0000000,0x00000000deade7c8,0x00000000deb00000)
 Metaspace       used 67422K, committed 68800K, reserved 1114112K
  class space    used 6997K, committed 7616K, reserved 1048576K
}
Event: 84.613 GC heap after
{Heap after GC invocations=332 (full 3):
 PSYoungGen      total 3584K, used 1504K [0x00000000eab00000, 0x00000000eb180000, 0x0000000100000000)
  eden space 2048K, 0% used [0x00000000eab00000,0x00000000eab00000,0x00000000ead00000)
  from space 1536K, 97% used [0x00000000eae80000,0x00000000eaff8000,0x00000000eb000000)
  to   space 1536K, 0% used [0x00000000eb000000,0x00000000eb000000,0x00000000eb180000)
 ParOldGen       total 504320K, used 504145K [0x00000000c0000000, 0x00000000dec80000, 0x00000000eab00000)
  object space 504320K, 99% used [0x00000000c0000000,0x00000000dec547c8,0x00000000dec80000)
 Metaspace       used 67422K, committed 68800K, reserved 1114112K
  class space    used 6997K, committed 7616K, reserved 1048576K
}
Event: 84.874 GC heap before
{Heap before GC invocations=333 (full 3):
 PSYoungGen      total 3584K, used 3552K [0x00000000eab00000, 0x00000000eb180000, 0x0000000100000000)
  eden space 2048K, 100% used [0x00000000eab00000,0x00000000ead00000,0x00000000ead00000)
  from space 1536K, 97% used [0x00000000eae80000,0x00000000eaff8000,0x00000000eb000000)
  to   space 1536K, 0% used [0x00000000eb000000,0x00000000eb000000,0x00000000eb180000)
 ParOldGen       total 504320K, used 504145K [0x00000000c0000000, 0x00000000dec80000, 0x00000000eab00000)
  object space 504320K, 99% used [0x00000000c0000000,0x00000000dec547c8,0x00000000dec80000)
 Metaspace       used 67499K, committed 68864K, reserved 1114112K
  class space    used 7000K, committed 7616K, reserved 1048576K
}
Event: 84.884 GC heap after
{Heap after GC invocations=333 (full 3):
 PSYoungGen      total 3072K, used 1024K [0x00000000eab00000, 0x00000000eb100000, 0x0000000100000000)
  eden space 2048K, 0% used [0x00000000eab00000,0x00000000eab00000,0x00000000ead00000)
  from space 1024K, 100% used [0x00000000eb000000,0x00000000eb100000,0x00000000eb100000)
  to   space 1536K, 0% used [0x00000000eae00000,0x00000000eae00000,0x00000000eaf80000)
 ParOldGen       total 505856K, used 505585K [0x00000000c0000000, 0x00000000dee00000, 0x00000000eab00000)
  object space 505856K, 99% used [0x00000000c0000000,0x00000000dedbc7c8,0x00000000dee00000)
 Metaspace       used 67499K, committed 68864K, reserved 1114112K
  class space    used 7000K, committed 7616K, reserved 1048576K
}

