# JRE version: OpenJDK Runtime Environment Temurin-21.0.6+7 (21.0.6+7) (build 21.0.6+7-LTS)
# Java VM: OpenJDK 64-Bit Server VM Temurin-21.0.6+7 (21.0.6+7-LTS, mixed mode, sharing, tiered, compressed oops, compressed class ptrs, parallel gc, windows-amd64)
GC Precious Log:
 CardTable entry size: 512
 CPUs: 4 total, 4 available
 Memory: 7926M
 Large Page Support: Disabled
 NUMA Support: Disabled
 Compressed Oops: Enabled (32-bit)
 Alignments: Space 512K, Generation 512K, Heap 2M
 Heap Min Capacity: 100M
 Heap Initial Capacity: 100M
 Heap Max Capacity: 1G
 Pre-touch: Disabled
 Parallel Workers: 4
Heap:
 PSYoungGen      total 17920K, used 4073K [0x00000000eab00000, 0x00000000ebe80000, 0x0000000100000000)
  eden space 16896K, 18% used [0x00000000eab00000,0x00000000eae10840,0x00000000ebb80000)
  from space 1024K, 91% used [0x00000000ebd80000,0x00000000ebe69ee0,0x00000000ebe80000)
  to   space 1536K, 0% used [0x00000000ebb80000,0x00000000ebb80000,0x00000000ebd00000)
 ParOldGen       total 68608K, used 41259K [0x00000000c0000000, 0x00000000c4300000, 0x00000000eab00000)
  object space 68608K, 60% used [0x00000000c0000000,0x00000000c284aec8,0x00000000c4300000)
 Metaspace       used 51823K, committed 52992K, reserved 1114112K
  class space    used 5418K, committed 5888K, reserved 1048576K
GC Heap History (20 events):
Event: 16.033 GC heap before
{Heap before GC invocations=23 (full 2):
 PSYoungGen      total 22528K, used 22018K [0x00000000eab00000, 0x00000000ec400000, 0x0000000100000000)
  eden space 19968K, 100% used [0x00000000eab00000,0x00000000ebe80000,0x00000000ebe80000)
  from space 2560K, 80% used [0x00000000ec180000,0x00000000ec380810,0x00000000ec400000)
  to   space 2560K, 0% used [0x00000000ebf00000,0x00000000ebf00000,0x00000000ec180000)
 ParOldGen       total 68608K, used 26241K [0x00000000c0000000, 0x00000000c4300000, 0x00000000eab00000)
  object space 68608K, 38% used [0x00000000c0000000,0x00000000c19a0788,0x00000000c4300000)
 Metaspace       used 45383K, committed 46592K, reserved 1114112K
  class space    used 4779K, committed 5248K, reserved 1048576K
}
Event: 16.038 GC heap after
{Heap after GC invocations=23 (full 2):
 PSYoungGen      total 22016K, used 1856K [0x00000000eab00000, 0x00000000ec280000, 0x0000000100000000)
  eden space 19968K, 0% used [0x00000000eab00000,0x00000000eab00000,0x00000000ebe80000)
  from space 2048K, 90% used [0x00000000ebf00000,0x00000000ec0d0000,0x00000000ec100000)
  to   space 1536K, 0% used [0x00000000ec100000,0x00000000ec100000,0x00000000ec280000)
 ParOldGen       total 68608K, used 28192K [0x00000000c0000000, 0x00000000c4300000, 0x00000000eab00000)
  object space 68608K, 41% used [0x00000000c0000000,0x00000000c1b880c8,0x00000000c4300000)
 Metaspace       used 45383K, committed 46592K, reserved 1114112K
  class space    used 4779K, committed 5248K, reserved 1048576K
}
Event: 16.163 GC heap before
{Heap before GC invocations=24 (full 2):
 PSYoungGen      total 22016K, used 21824K [0x00000000eab00000, 0x00000000ec280000, 0x0000000100000000)
  eden space 19968K, 100% used [0x00000000eab00000,0x00000000ebe80000,0x00000000ebe80000)
  from space 2048K, 90% used [0x00000000ebf00000,0x00000000ec0d0000,0x00000000ec100000)
  to   space 1536K, 0% used [0x00000000ec100000,0x00000000ec100000,0x00000000ec280000)
 ParOldGen       total 68608K, used 28192K [0x00000000c0000000, 0x00000000c4300000, 0x00000000eab00000)
  object space 68608K, 41% used [0x00000000c0000000,0x00000000c1b880c8,0x00000000c4300000)
 Metaspace       used 45948K, committed 47232K, reserved 1114112K
  class space    used 4848K, committed 5376K, reserved 1048576K
}
Event: 16.167 GC heap after
{Heap after GC invocations=24 (full 2):
 PSYoungGen      total 19968K, used 1508K [0x00000000eab00000, 0x00000000ec680000, 0x0000000100000000)
  eden space 18432K, 0% used [0x00000000eab00000,0x00000000eab00000,0x00000000ebd00000)
  from space 1536K, 98% used [0x00000000ec100000,0x00000000ec279000,0x00000000ec280000)
  to   space 4096K, 0% used [0x00000000ebd00000,0x00000000ebd00000,0x00000000ec100000)
 ParOldGen       total 68608K, used 30068K [0x00000000c0000000, 0x00000000c4300000, 0x00000000eab00000)
  object space 68608K, 43% used [0x00000000c0000000,0x00000000c1d5d200,0x00000000c4300000)
 Metaspace       used 45948K, committed 47232K, reserved 1114112K
  class space    used 4848K, committed 5376K, reserved 1048576K
}
Event: 16.308 GC heap before
{Heap before GC invocations=25 (full 2):
 PSYoungGen      total 19968K, used 19940K [0x00000000eab00000, 0x00000000ec680000, 0x0000000100000000)
  eden space 18432K, 100% used [0x00000000eab00000,0x00000000ebd00000,0x00000000ebd00000)
  from space 1536K, 98% used [0x00000000ec100000,0x00000000ec279000,0x00000000ec280000)
  to   space 4096K, 0% used [0x00000000ebd00000,0x00000000ebd00000,0x00000000ec100000)
 ParOldGen       total 68608K, used 30068K [0x00000000c0000000, 0x00000000c4300000, 0x00000000eab00000)
  object space 68608K, 43% used [0x00000000c0000000,0x00000000c1d5d200,0x00000000c4300000)
 Metaspace       used 46082K, committed 47296K, reserved 1114112K
  class space    used 4859K, committed 5376K, reserved 1048576K
}
Event: 16.316 GC heap after
{Heap after GC invocations=25 (full 2):
 PSYoungGen      total 20480K, used 1856K [0x00000000eab00000, 0x00000000ec200000, 0x0000000100000000)
  eden space 18432K, 0% used [0x00000000eab00000,0x00000000eab00000,0x00000000ebd00000)
  from space 2048K, 90% used [0x00000000ebd00000,0x00000000ebed0000,0x00000000ebf00000)
  to   space 2560K, 0% used [0x00000000ebf80000,0x00000000ebf80000,0x00000000ec200000)
 ParOldGen       total 68608K, used 31578K [0x00000000c0000000, 0x00000000c4300000, 0x00000000eab00000)
  object space 68608K, 46% used [0x00000000c0000000,0x00000000c1ed6878,0x00000000c4300000)
 Metaspace       used 46082K, committed 47296K, reserved 1114112K
  class space    used 4859K, committed 5376K, reserved 1048576K
}
Event: 16.471 GC heap before
{Heap before GC invocations=26 (full 2):
 PSYoungGen      total 20480K, used 20288K [0x00000000eab00000, 0x00000000ec200000, 0x0000000100000000)
  eden space 18432K, 100% used [0x00000000eab00000,0x00000000ebd00000,0x00000000ebd00000)
  from space 2048K, 90% used [0x00000000ebd00000,0x00000000ebed0000,0x00000000ebf00000)
  to   space 2560K, 0% used [0x00000000ebf80000,0x00000000ebf80000,0x00000000ec200000)
 ParOldGen       total 68608K, used 31578K [0x00000000c0000000, 0x00000000c4300000, 0x00000000eab00000)
  object space 68608K, 46% used [0x00000000c0000000,0x00000000c1ed6878,0x00000000c4300000)
 Metaspace       used 46155K, committed 47360K, reserved 1114112K
  class space    used 4865K, committed 5376K, reserved 1048576K
}
Event: 16.477 GC heap after
{Heap after GC invocations=26 (full 2):
 PSYoungGen      total 20480K, used 1806K [0x00000000eab00000, 0x00000000ec180000, 0x0000000100000000)
  eden space 18432K, 0% used [0x00000000eab00000,0x00000000eab00000,0x00000000ebd00000)
  from space 2048K, 88% used [0x00000000ebf80000,0x00000000ec1438b8,0x00000000ec180000)
  to   space 2048K, 0% used [0x00000000ebd00000,0x00000000ebd00000,0x00000000ebf00000)
 ParOldGen       total 68608K, used 33306K [0x00000000c0000000, 0x00000000c4300000, 0x00000000eab00000)
  object space 68608K, 48% used [0x00000000c0000000,0x00000000c2086878,0x00000000c4300000)
 Metaspace       used 46155K, committed 47360K, reserved 1114112K
  class space    used 4865K, committed 5376K, reserved 1048576K
}
Event: 16.718 GC heap before
{Heap before GC invocations=27 (full 2):
 PSYoungGen      total 20480K, used 20238K [0x00000000eab00000, 0x00000000ec180000, 0x0000000100000000)
  eden space 18432K, 100% used [0x00000000eab00000,0x00000000ebd00000,0x00000000ebd00000)
  from space 2048K, 88% used [0x00000000ebf80000,0x00000000ec1438b8,0x00000000ec180000)
  to   space 2048K, 0% used [0x00000000ebd00000,0x00000000ebd00000,0x00000000ebf00000)
 ParOldGen       total 68608K, used 33306K [0x00000000c0000000, 0x00000000c4300000, 0x00000000eab00000)
  object space 68608K, 48% used [0x00000000c0000000,0x00000000c2086878,0x00000000c4300000)
 Metaspace       used 46173K, committed 47360K, reserved 1114112K
  class space    used 4865K, committed 5376K, reserved 1048576K
}
Event: 16.723 GC heap after
{Heap after GC invocations=27 (full 2):
 PSYoungGen      total 20480K, used 1592K [0x00000000eab00000, 0x00000000ec100000, 0x0000000100000000)
  eden space 18432K, 0% used [0x00000000eab00000,0x00000000eab00000,0x00000000ebd00000)
  from space 2048K, 77% used [0x00000000ebd00000,0x00000000ebe8e200,0x00000000ebf00000)
  to   space 2048K, 0% used [0x00000000ebf00000,0x00000000ebf00000,0x00000000ec100000)
 ParOldGen       total 68608K, used 35080K [0x00000000c0000000, 0x00000000c4300000, 0x00000000eab00000)
  object space 68608K, 51% used [0x00000000c0000000,0x00000000c2242130,0x00000000c4300000)
 Metaspace       used 46173K, committed 47360K, reserved 1114112K
  class space    used 4865K, committed 5376K, reserved 1048576K
}
Event: 17.182 GC heap before
{Heap before GC invocations=28 (full 2):
 PSYoungGen      total 20480K, used 19983K [0x00000000eab00000, 0x00000000ec100000, 0x0000000100000000)
  eden space 18432K, 99% used [0x00000000eab00000,0x00000000ebcf5bf8,0x00000000ebd00000)
  from space 2048K, 77% used [0x00000000ebd00000,0x00000000ebe8e200,0x00000000ebf00000)
  to   space 2048K, 0% used [0x00000000ebf00000,0x00000000ebf00000,0x00000000ec100000)
 ParOldGen       total 68608K, used 35080K [0x00000000c0000000, 0x00000000c4300000, 0x00000000eab00000)
  object space 68608K, 51% used [0x00000000c0000000,0x00000000c2242130,0x00000000c4300000)
 Metaspace       used 47674K, committed 48832K, reserved 1114112K
  class space    used 5007K, committed 5504K, reserved 1048576K
}
Event: 17.190 GC heap after
{Heap after GC invocations=28 (full 2):
 PSYoungGen      total 20480K, used 1532K [0x00000000eab00000, 0x00000000ec100000, 0x0000000100000000)
  eden space 18432K, 0% used [0x00000000eab00000,0x00000000eab00000,0x00000000ebd00000)
  from space 2048K, 74% used [0x00000000ebf00000,0x00000000ec07f338,0x00000000ec100000)
  to   space 2048K, 0% used [0x00000000ebd00000,0x00000000ebd00000,0x00000000ebf00000)
 ParOldGen       total 68608K, used 37400K [0x00000000c0000000, 0x00000000c4300000, 0x00000000eab00000)
  object space 68608K, 54% used [0x00000000c0000000,0x00000000c2486338,0x00000000c4300000)
 Metaspace       used 47674K, committed 48832K, reserved 1114112K
  class space    used 5007K, committed 5504K, reserved 1048576K
}
Event: 17.915 GC heap before
{Heap before GC invocations=29 (full 2):
 PSYoungGen      total 20480K, used 19964K [0x00000000eab00000, 0x00000000ec100000, 0x0000000100000000)
  eden space 18432K, 100% used [0x00000000eab00000,0x00000000ebd00000,0x00000000ebd00000)
  from space 2048K, 74% used [0x00000000ebf00000,0x00000000ec07f338,0x00000000ec100000)
  to   space 2048K, 0% used [0x00000000ebd00000,0x00000000ebd00000,0x00000000ebf00000)
 ParOldGen       total 68608K, used 37400K [0x00000000c0000000, 0x00000000c4300000, 0x00000000eab00000)
  object space 68608K, 54% used [0x00000000c0000000,0x00000000c2486338,0x00000000c4300000)
 Metaspace       used 49773K, committed 50944K, reserved 1114112K
  class space    used 5231K, committed 5696K, reserved 1048576K
}
Event: 17.919 GC heap after
{Heap after GC invocations=29 (full 2):
 PSYoungGen      total 19456K, used 964K [0x00000000eab00000, 0x00000000ec000000, 0x0000000100000000)
  eden space 18432K, 0% used [0x00000000eab00000,0x00000000eab00000,0x00000000ebd00000)
  from space 1024K, 94% used [0x00000000ebd00000,0x00000000ebdf13d8,0x00000000ebe00000)
  to   space 1536K, 0% used [0x00000000ebe80000,0x00000000ebe80000,0x00000000ec000000)
 ParOldGen       total 68608K, used 38706K [0x00000000c0000000, 0x00000000c4300000, 0x00000000eab00000)
  object space 68608K, 56% used [0x00000000c0000000,0x00000000c25cc9a8,0x00000000c4300000)
 Metaspace       used 49773K, committed 50944K, reserved 1114112K
  class space    used 5231K, committed 5696K, reserved 1048576K
}
Event: 18.448 GC heap before
{Heap before GC invocations=30 (full 2):
 PSYoungGen      total 19456K, used 19396K [0x00000000eab00000, 0x00000000ec000000, 0x0000000100000000)
  eden space 18432K, 100% used [0x00000000eab00000,0x00000000ebd00000,0x00000000ebd00000)
  from space 1024K, 94% used [0x00000000ebd00000,0x00000000ebdf13d8,0x00000000ebe00000)
  to   space 1536K, 0% used [0x00000000ebe80000,0x00000000ebe80000,0x00000000ec000000)
 ParOldGen       total 68608K, used 38706K [0x00000000c0000000, 0x00000000c4300000, 0x00000000eab00000)
  object space 68608K, 56% used [0x00000000c0000000,0x00000000c25cc9a8,0x00000000c4300000)
 Metaspace       used 50528K, committed 51776K, reserved 1114112K
  class space    used 5309K, committed 5824K, reserved 1048576K
}
Event: 18.452 GC heap after
{Heap after GC invocations=30 (full 2):
 PSYoungGen      total 18432K, used 1533K [0x00000000eab00000, 0x00000000ec300000, 0x0000000100000000)
  eden space 16896K, 0% used [0x00000000eab00000,0x00000000eab00000,0x00000000ebb80000)
  from space 1536K, 99% used [0x00000000ebe80000,0x00000000ebfff420,0x00000000ec000000)
  to   space 3072K, 0% used [0x00000000ebb80000,0x00000000ebb80000,0x00000000ebe80000)
 ParOldGen       total 68608K, used 39766K [0x00000000c0000000, 0x00000000c4300000, 0x00000000eab00000)
  object space 68608K, 57% used [0x00000000c0000000,0x00000000c26d59d0,0x00000000c4300000)
 Metaspace       used 50528K, committed 51776K, reserved 1114112K
  class space    used 5309K, committed 5824K, reserved 1048576K
}
Event: 18.560 GC heap before
{Heap before GC invocations=31 (full 2):
 PSYoungGen      total 18432K, used 18429K [0x00000000eab00000, 0x00000000ec300000, 0x0000000100000000)
  eden space 16896K, 100% used [0x00000000eab00000,0x00000000ebb80000,0x00000000ebb80000)
  from space 1536K, 99% used [0x00000000ebe80000,0x00000000ebfff420,0x00000000ec000000)
  to   space 3072K, 0% used [0x00000000ebb80000,0x00000000ebb80000,0x00000000ebe80000)
 ParOldGen       total 68608K, used 39766K [0x00000000c0000000, 0x00000000c4300000, 0x00000000eab00000)
  object space 68608K, 57% used [0x00000000c0000000,0x00000000c26d59d0,0x00000000c4300000)
 Metaspace       used 50554K, committed 51776K, reserved 1114112K
  class space    used 5309K, committed 5824K, reserved 1048576K
}
Event: 18.562 GC heap after
{Heap after GC invocations=31 (full 2):
 PSYoungGen      total 18432K, used 1065K [0x00000000eab00000, 0x00000000ebf80000, 0x0000000100000000)
  eden space 16896K, 0% used [0x00000000eab00000,0x00000000eab00000,0x00000000ebb80000)
  from space 1536K, 69% used [0x00000000ebb80000,0x00000000ebc8a658,0x00000000ebd00000)
  to   space 2048K, 0% used [0x00000000ebd80000,0x00000000ebd80000,0x00000000ebf80000)
 ParOldGen       total 68608K, used 41077K [0x00000000c0000000, 0x00000000c4300000, 0x00000000eab00000)
  object space 68608K, 59% used [0x00000000c0000000,0x00000000c281d7a8,0x00000000c4300000)
 Metaspace       used 50554K, committed 51776K, reserved 1114112K
  class space    used 5309K, committed 5824K, reserved 1048576K
}
Event: 18.675 GC heap before
{Heap before GC invocations=32 (full 2):
 PSYoungGen      total 18432K, used 17961K [0x00000000eab00000, 0x00000000ebf80000, 0x0000000100000000)
  eden space 16896K, 100% used [0x00000000eab00000,0x00000000ebb80000,0x00000000ebb80000)
  from space 1536K, 69% used [0x00000000ebb80000,0x00000000ebc8a658,0x00000000ebd00000)
  to   space 2048K, 0% used [0x00000000ebd80000,0x00000000ebd80000,0x00000000ebf80000)
 ParOldGen       total 68608K, used 41077K [0x00000000c0000000, 0x00000000c4300000, 0x00000000eab00000)
  object space 68608K, 59% used [0x00000000c0000000,0x00000000c281d7a8,0x00000000c4300000)
 Metaspace       used 51496K, committed 52672K, reserved 1114112K
  class space    used 5391K, committed 5888K, reserved 1048576K
}
Event: 18.677 GC heap after
{Heap after GC invocations=32 (full 2):
 PSYoungGen      total 17920K, used 935K [0x00000000eab00000, 0x00000000ebe80000, 0x0000000100000000)
  eden space 16896K, 0% used [0x00000000eab00000,0x00000000eab00000,0x00000000ebb80000)
  from space 1024K, 91% used [0x00000000ebd80000,0x00000000ebe69ee0,0x00000000ebe80000)
  to   space 1536K, 0% used [0x00000000ebb80000,0x00000000ebb80000,0x00000000ebd00000)
 ParOldGen       total 68608K, used 41259K [0x00000000c0000000, 0x00000000c4300000, 0x00000000eab00000)
  object space 68608K, 60% used [0x00000000c0000000,0x00000000c284aec8,0x00000000c4300000)
 Metaspace       used 51496K, committed 52672K, reserved 1114112K
  class space    used 5391K, committed 5888K, reserved 1048576K
}

