# JRE version: OpenJDK Runtime Environment Temurin-21.0.6+7 (21.0.6+7) (build 21.0.6+7-LTS)
# Java VM: OpenJDK 64-Bit Server VM Temurin-21.0.6+7 (21.0.6+7-LTS, mixed mode, sharing, tiered, compressed oops, compressed class ptrs, parallel gc, windows-amd64)
GC Precious Log:
 CardTable entry size: 512
 CPUs: 4 total, 4 available
 Memory: 7926M
 Large Page Support: Disabled
 NUMA Support: Disabled
 Compressed Oops: Enabled (32-bit)
 Alignments: Space 512K, Generation 512K, Heap 2M
 Heap Min Capacity: 100M
 Heap Initial Capacity: 100M
 Heap Max Capacity: 1G
 Pre-touch: Disabled
 Parallel Workers: 4
Heap:
 PSYoungGen      total 18432K, used 10189K [0x00000000eab00000, 0x00000000ec580000, 0x0000000100000000)
  eden space 15872K, 61% used [0x00000000eab00000,0x00000000eb4760e0,0x00000000eba80000)
  from space 2560K, 19% used [0x00000000ec100000,0x00000000ec17d478,0x00000000ec380000)
  to   space 1024K, 0% used [0x00000000ec480000,0x00000000ec480000,0x00000000ec580000)
 ParOldGen       total 390656K, used 182506K [0x00000000c0000000, 0x00000000d7d80000, 0x00000000eab00000)
  object space 390656K, 46% used [0x00000000c0000000,0x00000000cb23ab80,0x00000000d7d80000)
 Metaspace       used 62209K, committed 63616K, reserved 1114112K
  class space    used 6382K, committed 7040K, reserved 1048576K
GC Heap History (20 events):
Event: 20.465 GC heap before
{Heap before GC invocations=309 (full 2):
 PSYoungGen      total 31744K, used 31456K [0x00000000eab00000, 0x00000000ee300000, 0x0000000100000000)
  eden space 15872K, 100% used [0x00000000eab00000,0x00000000eba80000,0x00000000eba80000)
  from space 15872K, 98% used [0x00000000ed380000,0x00000000ee2b83b8,0x00000000ee300000)
  to   space 18432K, 0% used [0x00000000ebf00000,0x00000000ebf00000,0x00000000ed100000)
 ParOldGen       total 355840K, used 355756K [0x00000000c0000000, 0x00000000d5b80000, 0x00000000eab00000)
  object space 355840K, 99% used [0x00000000c0000000,0x00000000d5b6b2e0,0x00000000d5b80000)
 Metaspace       used 56119K, committed 57344K, reserved 1114112K
  class space    used 5827K, committed 6336K, reserved 1048576K
}
Event: 20.486 GC heap after
{Heap after GC invocations=309 (full 2):
 PSYoungGen      total 28672K, used 12681K [0x00000000eab00000, 0x00000000ed680000, 0x0000000100000000)
  eden space 15872K, 0% used [0x00000000eab00000,0x00000000eab00000,0x00000000eba80000)
  from space 12800K, 99% used [0x00000000ebf00000,0x00000000ecb627a8,0x00000000ecb80000)
  to   space 11264K, 0% used [0x00000000ecb80000,0x00000000ecb80000,0x00000000ed680000)
 ParOldGen       total 370176K, used 369824K [0x00000000c0000000, 0x00000000d6980000, 0x00000000eab00000)
  object space 370176K, 99% used [0x00000000c0000000,0x00000000d6928328,0x00000000d6980000)
 Metaspace       used 56119K, committed 57344K, reserved 1114112K
  class space    used 5827K, committed 6336K, reserved 1048576K
}
Event: 20.751 GC heap before
{Heap before GC invocations=310 (full 2):
 PSYoungGen      total 28672K, used 28553K [0x00000000eab00000, 0x00000000ed680000, 0x0000000100000000)
  eden space 15872K, 100% used [0x00000000eab00000,0x00000000eba80000,0x00000000eba80000)
  from space 12800K, 99% used [0x00000000ebf00000,0x00000000ecb627a8,0x00000000ecb80000)
  to   space 11264K, 0% used [0x00000000ecb80000,0x00000000ecb80000,0x00000000ed680000)
 ParOldGen       total 370176K, used 369824K [0x00000000c0000000, 0x00000000d6980000, 0x00000000eab00000)
  object space 370176K, 99% used [0x00000000c0000000,0x00000000d6928328,0x00000000d6980000)
 Metaspace       used 56266K, committed 57472K, reserved 1114112K
  class space    used 5845K, committed 6336K, reserved 1048576K
}
Event: 20.774 GC heap after
{Heap after GC invocations=310 (full 2):
 PSYoungGen      total 24576K, used 8409K [0x00000000eab00000, 0x00000000ed400000, 0x0000000100000000)
  eden space 15872K, 0% used [0x00000000eab00000,0x00000000eab00000,0x00000000eba80000)
  from space 8704K, 96% used [0x00000000ecb80000,0x00000000ed3b64e0,0x00000000ed400000)
  to   space 10240K, 0% used [0x00000000ec000000,0x00000000ec000000,0x00000000eca00000)
 ParOldGen       total 382464K, used 382092K [0x00000000c0000000, 0x00000000d7580000, 0x00000000eab00000)
  object space 382464K, 99% used [0x00000000c0000000,0x00000000d7523378,0x00000000d7580000)
 Metaspace       used 56266K, committed 57472K, reserved 1114112K
  class space    used 5845K, committed 6336K, reserved 1048576K
}
Event: 20.890 GC heap before
{Heap before GC invocations=311 (full 2):
 PSYoungGen      total 24576K, used 24281K [0x00000000eab00000, 0x00000000ed400000, 0x0000000100000000)
  eden space 15872K, 100% used [0x00000000eab00000,0x00000000eba80000,0x00000000eba80000)
  from space 8704K, 96% used [0x00000000ecb80000,0x00000000ed3b64e0,0x00000000ed400000)
  to   space 10240K, 0% used [0x00000000ec000000,0x00000000ec000000,0x00000000eca00000)
 ParOldGen       total 382464K, used 382161K [0x00000000c0000000, 0x00000000d7580000, 0x00000000eab00000)
  object space 382464K, 99% used [0x00000000c0000000,0x00000000d7534738,0x00000000d7580000)
 Metaspace       used 56355K, committed 57600K, reserved 1114112K
  class space    used 5857K, committed 6336K, reserved 1048576K
}
Event: 20.900 GC heap after
{Heap after GC invocations=311 (full 2):
 PSYoungGen      total 19968K, used 3646K [0x00000000eab00000, 0x00000000ecc00000, 0x0000000100000000)
  eden space 15872K, 0% used [0x00000000eab00000,0x00000000eab00000,0x00000000eba80000)
  from space 4096K, 89% used [0x00000000ec000000,0x00000000ec38f980,0x00000000ec400000)
  to   space 6144K, 0% used [0x00000000ec600000,0x00000000ec600000,0x00000000ecc00000)
 ParOldGen       total 386560K, used 386065K [0x00000000c0000000, 0x00000000d7980000, 0x00000000eab00000)
  object space 386560K, 99% used [0x00000000c0000000,0x00000000d7904738,0x00000000d7980000)
 Metaspace       used 56355K, committed 57600K, reserved 1114112K
  class space    used 5857K, committed 6336K, reserved 1048576K
}
Event: 21.246 GC heap before
{Heap before GC invocations=312 (full 2):
 PSYoungGen      total 19968K, used 19518K [0x00000000eab00000, 0x00000000ecc00000, 0x0000000100000000)
  eden space 15872K, 100% used [0x00000000eab00000,0x00000000eba80000,0x00000000eba80000)
  from space 4096K, 89% used [0x00000000ec000000,0x00000000ec38f980,0x00000000ec400000)
  to   space 6144K, 0% used [0x00000000ec600000,0x00000000ec600000,0x00000000ecc00000)
 ParOldGen       total 386560K, used 386068K [0x00000000c0000000, 0x00000000d7980000, 0x00000000eab00000)
  object space 386560K, 99% used [0x00000000c0000000,0x00000000d7905130,0x00000000d7980000)
 Metaspace       used 57581K, committed 58880K, reserved 1114112K
  class space    used 5989K, committed 6528K, reserved 1048576K
}
Event: 21.253 GC heap after
{Heap after GC invocations=312 (full 2):
 PSYoungGen      total 16896K, used 823K [0x00000000eab00000, 0x00000000ec700000, 0x0000000100000000)
  eden space 15872K, 0% used [0x00000000eab00000,0x00000000eab00000,0x00000000eba80000)
  from space 1024K, 80% used [0x00000000ec600000,0x00000000ec6cde08,0x00000000ec700000)
  to   space 2560K, 0% used [0x00000000ec200000,0x00000000ec200000,0x00000000ec480000)
 ParOldGen       total 389632K, used 389522K [0x00000000c0000000, 0x00000000d7c80000, 0x00000000eab00000)
  object space 389632K, 99% used [0x00000000c0000000,0x00000000d7c64a60,0x00000000d7c80000)
 Metaspace       used 57581K, committed 58880K, reserved 1114112K
  class space    used 5989K, committed 6528K, reserved 1048576K
}
Event: 21.473 GC heap before
{Heap before GC invocations=313 (full 2):
 PSYoungGen      total 16896K, used 8462K [0x00000000eab00000, 0x00000000ec700000, 0x0000000100000000)
  eden space 15872K, 48% used [0x00000000eab00000,0x00000000eb275bc8,0x00000000eba80000)
  from space 1024K, 80% used [0x00000000ec600000,0x00000000ec6cde08,0x00000000ec700000)
  to   space 2560K, 0% used [0x00000000ec200000,0x00000000ec200000,0x00000000ec480000)
 ParOldGen       total 389632K, used 389522K [0x00000000c0000000, 0x00000000d7c80000, 0x00000000eab00000)
  object space 389632K, 99% used [0x00000000c0000000,0x00000000d7c64a60,0x00000000d7c80000)
 Metaspace       used 58499K, committed 59776K, reserved 1114112K
  class space    used 6068K, committed 6592K, reserved 1048576K
}
Event: 21.479 GC heap after
{Heap after GC invocations=313 (full 2):
 PSYoungGen      total 18432K, used 736K [0x00000000eab00000, 0x00000000ec680000, 0x0000000100000000)
  eden space 15872K, 0% used [0x00000000eab00000,0x00000000eab00000,0x00000000eba80000)
  from space 2560K, 28% used [0x00000000ec200000,0x00000000ec2b8000,0x00000000ec480000)
  to   space 1024K, 0% used [0x00000000ec580000,0x00000000ec580000,0x00000000ec680000)
 ParOldGen       total 390656K, used 390247K [0x00000000c0000000, 0x00000000d7d80000, 0x00000000eab00000)
  object space 390656K, 99% used [0x00000000c0000000,0x00000000d7d19ee0,0x00000000d7d80000)
 Metaspace       used 58499K, committed 59776K, reserved 1114112K
  class space    used 6068K, committed 6592K, reserved 1048576K
}
Event: 21.479 GC heap before
{Heap before GC invocations=314 (full 3):
 PSYoungGen      total 18432K, used 736K [0x00000000eab00000, 0x00000000ec680000, 0x0000000100000000)
  eden space 15872K, 0% used [0x00000000eab00000,0x00000000eab00000,0x00000000eba80000)
  from space 2560K, 28% used [0x00000000ec200000,0x00000000ec2b8000,0x00000000ec480000)
  to   space 1024K, 0% used [0x00000000ec580000,0x00000000ec580000,0x00000000ec680000)
 ParOldGen       total 390656K, used 390247K [0x00000000c0000000, 0x00000000d7d80000, 0x00000000eab00000)
  object space 390656K, 99% used [0x00000000c0000000,0x00000000d7d19ee0,0x00000000d7d80000)
 Metaspace       used 58499K, committed 59776K, reserved 1114112K
  class space    used 6068K, committed 6592K, reserved 1048576K
}
Event: 21.662 GC heap after
{Heap after GC invocations=314 (full 3):
 PSYoungGen      total 18432K, used 0K [0x00000000eab00000, 0x00000000ec680000, 0x0000000100000000)
  eden space 15872K, 0% used [0x00000000eab00000,0x00000000eab00000,0x00000000eba80000)
  from space 2560K, 0% used [0x00000000ec200000,0x00000000ec200000,0x00000000ec480000)
  to   space 1024K, 0% used [0x00000000ec580000,0x00000000ec580000,0x00000000ec680000)
 ParOldGen       total 390656K, used 177845K [0x00000000c0000000, 0x00000000d7d80000, 0x00000000eab00000)
  object space 390656K, 45% used [0x00000000c0000000,0x00000000cadad4b8,0x00000000d7d80000)
 Metaspace       used 58496K, committed 59776K, reserved 1114112K
  class space    used 6067K, committed 6592K, reserved 1048576K
}
Event: 22.342 GC heap before
{Heap before GC invocations=315 (full 3):
 PSYoungGen      total 18432K, used 15872K [0x00000000eab00000, 0x00000000ec680000, 0x0000000100000000)
  eden space 15872K, 100% used [0x00000000eab00000,0x00000000eba80000,0x00000000eba80000)
  from space 2560K, 0% used [0x00000000ec200000,0x00000000ec200000,0x00000000ec480000)
  to   space 1024K, 0% used [0x00000000ec580000,0x00000000ec580000,0x00000000ec680000)
 ParOldGen       total 390656K, used 177845K [0x00000000c0000000, 0x00000000d7d80000, 0x00000000eab00000)
  object space 390656K, 45% used [0x00000000c0000000,0x00000000cadad4b8,0x00000000d7d80000)
 Metaspace       used 59331K, committed 60672K, reserved 1114112K
  class space    used 6164K, committed 6720K, reserved 1048576K
}
Event: 22.346 GC heap after
{Heap after GC invocations=315 (full 3):
 PSYoungGen      total 16896K, used 999K [0x00000000eab00000, 0x00000000ec680000, 0x0000000100000000)
  eden space 15872K, 0% used [0x00000000eab00000,0x00000000eab00000,0x00000000eba80000)
  from space 1024K, 97% used [0x00000000ec580000,0x00000000ec679e10,0x00000000ec680000)
  to   space 1536K, 0% used [0x00000000ec380000,0x00000000ec380000,0x00000000ec500000)
 ParOldGen       total 390656K, used 178133K [0x00000000c0000000, 0x00000000d7d80000, 0x00000000eab00000)
  object space 390656K, 45% used [0x00000000c0000000,0x00000000cadf54b8,0x00000000d7d80000)
 Metaspace       used 59331K, committed 60672K, reserved 1114112K
  class space    used 6164K, committed 6720K, reserved 1048576K
}
Event: 22.801 GC heap before
{Heap before GC invocations=316 (full 3):
 PSYoungGen      total 16896K, used 16858K [0x00000000eab00000, 0x00000000ec680000, 0x0000000100000000)
  eden space 15872K, 99% used [0x00000000eab00000,0x00000000eba7cc00,0x00000000eba80000)
  from space 1024K, 97% used [0x00000000ec580000,0x00000000ec679e10,0x00000000ec680000)
  to   space 1536K, 0% used [0x00000000ec380000,0x00000000ec380000,0x00000000ec500000)
 ParOldGen       total 390656K, used 178133K [0x00000000c0000000, 0x00000000d7d80000, 0x00000000eab00000)
  object space 390656K, 45% used [0x00000000c0000000,0x00000000cadf54b8,0x00000000d7d80000)
 Metaspace       used 59538K, committed 60864K, reserved 1114112K
  class space    used 6174K, committed 6720K, reserved 1048576K
}
Event: 22.805 GC heap after
{Heap after GC invocations=316 (full 3):
 PSYoungGen      total 17408K, used 1523K [0x00000000eab00000, 0x00000000ec600000, 0x0000000100000000)
  eden space 15872K, 0% used [0x00000000eab00000,0x00000000eab00000,0x00000000eba80000)
  from space 1536K, 99% used [0x00000000ec380000,0x00000000ec4fce20,0x00000000ec500000)
  to   space 1024K, 0% used [0x00000000ec500000,0x00000000ec500000,0x00000000ec600000)
 ParOldGen       total 390656K, used 181216K [0x00000000c0000000, 0x00000000d7d80000, 0x00000000eab00000)
  object space 390656K, 46% used [0x00000000c0000000,0x00000000cb0f80c0,0x00000000d7d80000)
 Metaspace       used 59538K, committed 60864K, reserved 1114112K
  class space    used 6174K, committed 6720K, reserved 1048576K
}
Event: 23.377 GC heap before
{Heap before GC invocations=317 (full 3):
 PSYoungGen      total 17408K, used 17395K [0x00000000eab00000, 0x00000000ec600000, 0x0000000100000000)
  eden space 15872K, 100% used [0x00000000eab00000,0x00000000eba80000,0x00000000eba80000)
  from space 1536K, 99% used [0x00000000ec380000,0x00000000ec4fce20,0x00000000ec500000)
  to   space 1024K, 0% used [0x00000000ec500000,0x00000000ec500000,0x00000000ec600000)
 ParOldGen       total 390656K, used 181216K [0x00000000c0000000, 0x00000000d7d80000, 0x00000000eab00000)
  object space 390656K, 46% used [0x00000000c0000000,0x00000000cb0f80c0,0x00000000d7d80000)
 Metaspace       used 61038K, committed 62336K, reserved 1114112K
  class space    used 6277K, committed 6848K, reserved 1048576K
}
Event: 23.382 GC heap after
{Heap after GC invocations=317 (full 3):
 PSYoungGen      total 16896K, used 672K [0x00000000eab00000, 0x00000000ec600000, 0x0000000100000000)
  eden space 15872K, 0% used [0x00000000eab00000,0x00000000eab00000,0x00000000eba80000)
  from space 1024K, 65% used [0x00000000ec500000,0x00000000ec5a8000,0x00000000ec600000)
  to   space 2560K, 0% used [0x00000000ec100000,0x00000000ec100000,0x00000000ec380000)
 ParOldGen       total 390656K, used 182129K [0x00000000c0000000, 0x00000000d7d80000, 0x00000000eab00000)
  object space 390656K, 46% used [0x00000000c0000000,0x00000000cb1dc7d0,0x00000000d7d80000)
 Metaspace       used 61038K, committed 62336K, reserved 1114112K
  class space    used 6277K, committed 6848K, reserved 1048576K
}
Event: 23.937 GC heap before
{Heap before GC invocations=318 (full 3):
 PSYoungGen      total 16896K, used 16518K [0x00000000eab00000, 0x00000000ec600000, 0x0000000100000000)
  eden space 15872K, 99% used [0x00000000eab00000,0x00000000eba79988,0x00000000eba80000)
  from space 1024K, 65% used [0x00000000ec500000,0x00000000ec5a8000,0x00000000ec600000)
  to   space 2560K, 0% used [0x00000000ec100000,0x00000000ec100000,0x00000000ec380000)
 ParOldGen       total 390656K, used 182129K [0x00000000c0000000, 0x00000000d7d80000, 0x00000000eab00000)
  object space 390656K, 46% used [0x00000000c0000000,0x00000000cb1dc7d0,0x00000000d7d80000)
 Metaspace       used 61588K, committed 62912K, reserved 1114112K
  class space    used 6324K, committed 6912K, reserved 1048576K
}
Event: 23.939 GC heap after
{Heap after GC invocations=318 (full 3):
 PSYoungGen      total 18432K, used 501K [0x00000000eab00000, 0x00000000ec580000, 0x0000000100000000)
  eden space 15872K, 0% used [0x00000000eab00000,0x00000000eab00000,0x00000000eba80000)
  from space 2560K, 19% used [0x00000000ec100000,0x00000000ec17d478,0x00000000ec380000)
  to   space 1024K, 0% used [0x00000000ec480000,0x00000000ec480000,0x00000000ec580000)
 ParOldGen       total 390656K, used 182506K [0x00000000c0000000, 0x00000000d7d80000, 0x00000000eab00000)
  object space 390656K, 46% used [0x00000000c0000000,0x00000000cb23ab80,0x00000000d7d80000)
 Metaspace       used 61588K, committed 62912K, reserved 1114112K
  class space    used 6324K, committed 6912K, reserved 1048576K
}

