# JRE version: OpenJDK Runtime Environment Temurin-21.0.6+7 (21.0.6+7) (build 21.0.6+7-LTS)
# Java VM: OpenJDK 64-Bit Server VM Temurin-21.0.6+7 (21.0.6+7-LTS, mixed mode, sharing, tiered, compressed oops, compressed class ptrs, parallel gc, windows-amd64)
GC Precious Log:
 CardTable entry size: 512
 CPUs: 4 total, 4 available
 Memory: 7926M
 Large Page Support: Disabled
 NUMA Support: Disabled
 Compressed Oops: Enabled (32-bit)
 Alignments: Space 512K, Generation 512K, Heap 2M
 Heap Min Capacity: 100M
 Heap Initial Capacity: 100M
 Heap Max Capacity: 1G
 Pre-touch: Disabled
 Parallel Workers: 4
Heap:
 PSYoungGen      total 3072K, used 2908K [0x00000000eab00000, 0x00000000eb280000, 0x0000000100000000)
  eden space 2560K, 94% used [0x00000000eab00000,0x00000000ead5bda8,0x00000000ead80000)
  from space 512K, 96% used [0x00000000eae80000,0x00000000eaefb650,0x00000000eaf00000)
  to   space 2560K, 0% used [0x00000000eb000000,0x00000000eb000000,0x00000000eb280000)
 ParOldGen       total 411648K, used 179995K [0x00000000c0000000, 0x00000000d9200000, 0x00000000eab00000)
  object space 411648K, 43% used [0x00000000c0000000,0x00000000cafc6e90,0x00000000d9200000)
 Metaspace       used 59052K, committed 60352K, reserved 1114112K
  class space    used 6142K, committed 6720K, reserved 1048576K
GC Heap History (20 events):
Event: 50.284 GC heap before
{Heap before GC invocations=201 (full 2):
 PSYoungGen      total 3072K, used 2922K [0x00000000eab00000, 0x00000000eaf80000, 0x0000000100000000)
  eden space 2560K, 99% used [0x00000000eab00000,0x00000000ead7c358,0x00000000ead80000)
  from space 512K, 73% used [0x00000000eaf00000,0x00000000eaf5e820,0x00000000eaf80000)
  to   space 512K, 0% used [0x00000000eae80000,0x00000000eae80000,0x00000000eaf00000)
 ParOldGen       total 411136K, used 410780K [0x00000000c0000000, 0x00000000d9180000, 0x00000000eab00000)
  object space 411136K, 99% used [0x00000000c0000000,0x00000000d9127128,0x00000000d9180000)
 Metaspace       used 58068K, committed 59328K, reserved 1114112K
  class space    used 6046K, committed 6592K, reserved 1048576K
}
Event: 50.288 GC heap after
{Heap after GC invocations=201 (full 2):
 PSYoungGen      total 3072K, used 256K [0x00000000eab00000, 0x00000000eaf80000, 0x0000000100000000)
  eden space 2560K, 0% used [0x00000000eab00000,0x00000000eab00000,0x00000000ead80000)
  from space 512K, 50% used [0x00000000eae80000,0x00000000eaec0000,0x00000000eaf00000)
  to   space 512K, 0% used [0x00000000eaf00000,0x00000000eaf00000,0x00000000eaf80000)
 ParOldGen       total 411136K, used 410974K [0x00000000c0000000, 0x00000000d9180000, 0x00000000eab00000)
  object space 411136K, 99% used [0x00000000c0000000,0x00000000d9157a28,0x00000000d9180000)
 Metaspace       used 58068K, committed 59328K, reserved 1114112K
  class space    used 6046K, committed 6592K, reserved 1048576K
}
Event: 50.801 GC heap before
{Heap before GC invocations=202 (full 2):
 PSYoungGen      total 3072K, used 2815K [0x00000000eab00000, 0x00000000eaf80000, 0x0000000100000000)
  eden space 2560K, 99% used [0x00000000eab00000,0x00000000ead7ffe0,0x00000000ead80000)
  from space 512K, 50% used [0x00000000eae80000,0x00000000eaec0000,0x00000000eaf00000)
  to   space 512K, 0% used [0x00000000eaf00000,0x00000000eaf00000,0x00000000eaf80000)
 ParOldGen       total 411136K, used 410974K [0x00000000c0000000, 0x00000000d9180000, 0x00000000eab00000)
  object space 411136K, 99% used [0x00000000c0000000,0x00000000d9157a28,0x00000000d9180000)
 Metaspace       used 58403K, committed 59776K, reserved 1114112K
  class space    used 6080K, committed 6656K, reserved 1048576K
}
Event: 50.804 GC heap after
{Heap after GC invocations=202 (full 2):
 PSYoungGen      total 3072K, used 240K [0x00000000eab00000, 0x00000000eaf80000, 0x0000000100000000)
  eden space 2560K, 0% used [0x00000000eab00000,0x00000000eab00000,0x00000000ead80000)
  from space 512K, 46% used [0x00000000eaf00000,0x00000000eaf3c1c0,0x00000000eaf80000)
  to   space 512K, 0% used [0x00000000eae80000,0x00000000eae80000,0x00000000eaf00000)
 ParOldGen       total 411136K, used 411095K [0x00000000c0000000, 0x00000000d9180000, 0x00000000eab00000)
  object space 411136K, 99% used [0x00000000c0000000,0x00000000d9175ca0,0x00000000d9180000)
 Metaspace       used 58403K, committed 59776K, reserved 1114112K
  class space    used 6080K, committed 6656K, reserved 1048576K
}
Event: 50.810 GC heap before
{Heap before GC invocations=203 (full 2):
 PSYoungGen      total 3072K, used 418K [0x00000000eab00000, 0x00000000eaf80000, 0x0000000100000000)
  eden space 2560K, 6% used [0x00000000eab00000,0x00000000eab2c7a8,0x00000000ead80000)
  from space 512K, 46% used [0x00000000eaf00000,0x00000000eaf3c1c0,0x00000000eaf80000)
  to   space 512K, 0% used [0x00000000eae80000,0x00000000eae80000,0x00000000eaf00000)
 ParOldGen       total 411136K, used 411095K [0x00000000c0000000, 0x00000000d9180000, 0x00000000eab00000)
  object space 411136K, 99% used [0x00000000c0000000,0x00000000d9175ca0,0x00000000d9180000)
 Metaspace       used 58435K, committed 59776K, reserved 1114112K
  class space    used 6082K, committed 6656K, reserved 1048576K
}
Event: 50.813 GC heap after
{Heap after GC invocations=203 (full 2):
 PSYoungGen      total 3072K, used 128K [0x00000000eab00000, 0x00000000eaf80000, 0x0000000100000000)
  eden space 2560K, 0% used [0x00000000eab00000,0x00000000eab00000,0x00000000ead80000)
  from space 512K, 25% used [0x00000000eae80000,0x00000000eaea0000,0x00000000eaf00000)
  to   space 512K, 0% used [0x00000000eaf00000,0x00000000eaf00000,0x00000000eaf80000)
 ParOldGen       total 411648K, used 411236K [0x00000000c0000000, 0x00000000d9200000, 0x00000000eab00000)
  object space 411648K, 99% used [0x00000000c0000000,0x00000000d91990c8,0x00000000d9200000)
 Metaspace       used 58435K, committed 59776K, reserved 1114112K
  class space    used 6082K, committed 6656K, reserved 1048576K
}
Event: 50.813 GC heap before
{Heap before GC invocations=204 (full 3):
 PSYoungGen      total 3072K, used 128K [0x00000000eab00000, 0x00000000eaf80000, 0x0000000100000000)
  eden space 2560K, 0% used [0x00000000eab00000,0x00000000eab00000,0x00000000ead80000)
  from space 512K, 25% used [0x00000000eae80000,0x00000000eaea0000,0x00000000eaf00000)
  to   space 512K, 0% used [0x00000000eaf00000,0x00000000eaf00000,0x00000000eaf80000)
 ParOldGen       total 411648K, used 411236K [0x00000000c0000000, 0x00000000d9200000, 0x00000000eab00000)
  object space 411648K, 99% used [0x00000000c0000000,0x00000000d91990c8,0x00000000d9200000)
 Metaspace       used 58435K, committed 59776K, reserved 1114112K
  class space    used 6082K, committed 6656K, reserved 1048576K
}
Event: 51.039 GC heap after
{Heap after GC invocations=204 (full 3):
 PSYoungGen      total 3072K, used 0K [0x00000000eab00000, 0x00000000eaf80000, 0x0000000100000000)
  eden space 2560K, 0% used [0x00000000eab00000,0x00000000eab00000,0x00000000ead80000)
  from space 512K, 0% used [0x00000000eae80000,0x00000000eae80000,0x00000000eaf00000)
  to   space 512K, 0% used [0x00000000eaf00000,0x00000000eaf00000,0x00000000eaf80000)
 ParOldGen       total 411648K, used 178026K [0x00000000c0000000, 0x00000000d9200000, 0x00000000eab00000)
  object space 411648K, 43% used [0x00000000c0000000,0x00000000cadda8b8,0x00000000d9200000)
 Metaspace       used 58435K, committed 59776K, reserved 1114112K
  class space    used 6082K, committed 6656K, reserved 1048576K
}
Event: 51.086 GC heap before
{Heap before GC invocations=205 (full 3):
 PSYoungGen      total 3072K, used 2560K [0x00000000eab00000, 0x00000000eaf80000, 0x0000000100000000)
  eden space 2560K, 100% used [0x00000000eab00000,0x00000000ead80000,0x00000000ead80000)
  from space 512K, 0% used [0x00000000eae80000,0x00000000eae80000,0x00000000eaf00000)
  to   space 512K, 0% used [0x00000000eaf00000,0x00000000eaf00000,0x00000000eaf80000)
 ParOldGen       total 411648K, used 178026K [0x00000000c0000000, 0x00000000d9200000, 0x00000000eab00000)
  object space 411648K, 43% used [0x00000000c0000000,0x00000000cadda8b8,0x00000000d9200000)
 Metaspace       used 58580K, committed 59904K, reserved 1114112K
  class space    used 6108K, committed 6656K, reserved 1048576K
}
Event: 51.090 GC heap after
{Heap after GC invocations=205 (full 3):
 PSYoungGen      total 3072K, used 480K [0x00000000eab00000, 0x00000000eaf80000, 0x0000000100000000)
  eden space 2560K, 0% used [0x00000000eab00000,0x00000000eab00000,0x00000000ead80000)
  from space 512K, 93% used [0x00000000eaf00000,0x00000000eaf78020,0x00000000eaf80000)
  to   space 1024K, 0% used [0x00000000ead80000,0x00000000ead80000,0x00000000eae80000)
 ParOldGen       total 411648K, used 178042K [0x00000000c0000000, 0x00000000d9200000, 0x00000000eab00000)
  object space 411648K, 43% used [0x00000000c0000000,0x00000000cadde8b8,0x00000000d9200000)
 Metaspace       used 58580K, committed 59904K, reserved 1114112K
  class space    used 6108K, committed 6656K, reserved 1048576K
}
Event: 51.170 GC heap before
{Heap before GC invocations=206 (full 3):
 PSYoungGen      total 3072K, used 3040K [0x00000000eab00000, 0x00000000eaf80000, 0x0000000100000000)
  eden space 2560K, 100% used [0x00000000eab00000,0x00000000ead80000,0x00000000ead80000)
  from space 512K, 93% used [0x00000000eaf00000,0x00000000eaf78020,0x00000000eaf80000)
  to   space 1024K, 0% used [0x00000000ead80000,0x00000000ead80000,0x00000000eae80000)
 ParOldGen       total 411648K, used 178042K [0x00000000c0000000, 0x00000000d9200000, 0x00000000eab00000)
  object space 411648K, 43% used [0x00000000c0000000,0x00000000cadde8b8,0x00000000d9200000)
 Metaspace       used 58688K, committed 59968K, reserved 1114112K
  class space    used 6112K, committed 6656K, reserved 1048576K
}
Event: 51.171 GC heap after
{Heap after GC invocations=206 (full 3):
 PSYoungGen      total 3584K, used 128K [0x00000000eab00000, 0x00000000eaf80000, 0x0000000100000000)
  eden space 2560K, 0% used [0x00000000eab00000,0x00000000eab00000,0x00000000ead80000)
  from space 1024K, 12% used [0x00000000ead80000,0x00000000eada0000,0x00000000eae80000)
  to   space 512K, 0% used [0x00000000eaf00000,0x00000000eaf00000,0x00000000eaf80000)
 ParOldGen       total 411648K, used 178346K [0x00000000c0000000, 0x00000000d9200000, 0x00000000eab00000)
  object space 411648K, 43% used [0x00000000c0000000,0x00000000cae2a8d8,0x00000000d9200000)
 Metaspace       used 58688K, committed 59968K, reserved 1114112K
  class space    used 6112K, committed 6656K, reserved 1048576K
}
Event: 51.217 GC heap before
{Heap before GC invocations=207 (full 3):
 PSYoungGen      total 3584K, used 2688K [0x00000000eab00000, 0x00000000eaf80000, 0x0000000100000000)
  eden space 2560K, 100% used [0x00000000eab00000,0x00000000ead80000,0x00000000ead80000)
  from space 1024K, 12% used [0x00000000ead80000,0x00000000eada0000,0x00000000eae80000)
  to   space 512K, 0% used [0x00000000eaf00000,0x00000000eaf00000,0x00000000eaf80000)
 ParOldGen       total 411648K, used 178346K [0x00000000c0000000, 0x00000000d9200000, 0x00000000eab00000)
  object space 411648K, 43% used [0x00000000c0000000,0x00000000cae2a8d8,0x00000000d9200000)
 Metaspace       used 58719K, committed 60096K, reserved 1114112K
  class space    used 6116K, committed 6720K, reserved 1048576K
}
Event: 51.220 GC heap after
{Heap after GC invocations=207 (full 3):
 PSYoungGen      total 3072K, used 384K [0x00000000eab00000, 0x00000000eaf80000, 0x0000000100000000)
  eden space 2560K, 0% used [0x00000000eab00000,0x00000000eab00000,0x00000000ead80000)
  from space 512K, 75% used [0x00000000eaf00000,0x00000000eaf60000,0x00000000eaf80000)
  to   space 512K, 0% used [0x00000000eae80000,0x00000000eae80000,0x00000000eaf00000)
 ParOldGen       total 411648K, used 178378K [0x00000000c0000000, 0x00000000d9200000, 0x00000000eab00000)
  object space 411648K, 43% used [0x00000000c0000000,0x00000000cae328d8,0x00000000d9200000)
 Metaspace       used 58719K, committed 60096K, reserved 1114112K
  class space    used 6116K, committed 6720K, reserved 1048576K
}
Event: 51.327 GC heap before
{Heap before GC invocations=208 (full 3):
 PSYoungGen      total 3072K, used 2938K [0x00000000eab00000, 0x00000000eaf80000, 0x0000000100000000)
  eden space 2560K, 99% used [0x00000000eab00000,0x00000000ead7ea40,0x00000000ead80000)
  from space 512K, 75% used [0x00000000eaf00000,0x00000000eaf60000,0x00000000eaf80000)
  to   space 512K, 0% used [0x00000000eae80000,0x00000000eae80000,0x00000000eaf00000)
 ParOldGen       total 411648K, used 178378K [0x00000000c0000000, 0x00000000d9200000, 0x00000000eab00000)
  object space 411648K, 43% used [0x00000000c0000000,0x00000000cae328d8,0x00000000d9200000)
 Metaspace       used 58805K, committed 60160K, reserved 1114112K
  class space    used 6124K, committed 6720K, reserved 1048576K
}
Event: 51.329 GC heap after
{Heap after GC invocations=208 (full 3):
 PSYoungGen      total 3072K, used 160K [0x00000000eab00000, 0x00000000eaf80000, 0x0000000100000000)
  eden space 2560K, 0% used [0x00000000eab00000,0x00000000eab00000,0x00000000ead80000)
  from space 512K, 31% used [0x00000000eae80000,0x00000000eaea8000,0x00000000eaf00000)
  to   space 512K, 0% used [0x00000000eaf00000,0x00000000eaf00000,0x00000000eaf80000)
 ParOldGen       total 411648K, used 178552K [0x00000000c0000000, 0x00000000d9200000, 0x00000000eab00000)
  object space 411648K, 43% used [0x00000000c0000000,0x00000000cae5e318,0x00000000d9200000)
 Metaspace       used 58805K, committed 60160K, reserved 1114112K
  class space    used 6124K, committed 6720K, reserved 1048576K
}
Event: 51.596 GC heap before
{Heap before GC invocations=209 (full 3):
 PSYoungGen      total 3072K, used 2719K [0x00000000eab00000, 0x00000000eaf80000, 0x0000000100000000)
  eden space 2560K, 99% used [0x00000000eab00000,0x00000000ead7fd58,0x00000000ead80000)
  from space 512K, 31% used [0x00000000eae80000,0x00000000eaea8000,0x00000000eaf00000)
  to   space 512K, 0% used [0x00000000eaf00000,0x00000000eaf00000,0x00000000eaf80000)
 ParOldGen       total 411648K, used 178552K [0x00000000c0000000, 0x00000000d9200000, 0x00000000eab00000)
  object space 411648K, 43% used [0x00000000c0000000,0x00000000cae5e318,0x00000000d9200000)
 Metaspace       used 58935K, committed 60288K, reserved 1114112K
  class space    used 6125K, committed 6720K, reserved 1048576K
}
Event: 51.598 GC heap after
{Heap after GC invocations=209 (full 3):
 PSYoungGen      total 3072K, used 224K [0x00000000eab00000, 0x00000000eaf80000, 0x0000000100000000)
  eden space 2560K, 0% used [0x00000000eab00000,0x00000000eab00000,0x00000000ead80000)
  from space 512K, 43% used [0x00000000eaf00000,0x00000000eaf38010,0x00000000eaf80000)
  to   space 512K, 0% used [0x00000000eae80000,0x00000000eae80000,0x00000000eaf00000)
 ParOldGen       total 411648K, used 178645K [0x00000000c0000000, 0x00000000d9200000, 0x00000000eab00000)
  object space 411648K, 43% used [0x00000000c0000000,0x00000000cae75798,0x00000000d9200000)
 Metaspace       used 58935K, committed 60288K, reserved 1114112K
  class space    used 6125K, committed 6720K, reserved 1048576K
}
Event: 51.710 GC heap before
{Heap before GC invocations=210 (full 3):
 PSYoungGen      total 3072K, used 2783K [0x00000000eab00000, 0x00000000eaf80000, 0x0000000100000000)
  eden space 2560K, 99% used [0x00000000eab00000,0x00000000ead7ffb8,0x00000000ead80000)
  from space 512K, 43% used [0x00000000eaf00000,0x00000000eaf38010,0x00000000eaf80000)
  to   space 512K, 0% used [0x00000000eae80000,0x00000000eae80000,0x00000000eaf00000)
 ParOldGen       total 411648K, used 178645K [0x00000000c0000000, 0x00000000d9200000, 0x00000000eab00000)
  object space 411648K, 43% used [0x00000000c0000000,0x00000000cae75798,0x00000000d9200000)
 Metaspace       used 59021K, committed 60352K, reserved 1114112K
  class space    used 6136K, committed 6720K, reserved 1048576K
}
Event: 51.714 GC heap after
{Heap after GC invocations=210 (full 3):
 PSYoungGen      total 3072K, used 493K [0x00000000eab00000, 0x00000000eb280000, 0x0000000100000000)
  eden space 2560K, 0% used [0x00000000eab00000,0x00000000eab00000,0x00000000ead80000)
  from space 512K, 96% used [0x00000000eae80000,0x00000000eaefb650,0x00000000eaf00000)
  to   space 2560K, 0% used [0x00000000eb000000,0x00000000eb000000,0x00000000eb280000)
 ParOldGen       total 411648K, used 179995K [0x00000000c0000000, 0x00000000d9200000, 0x00000000eab00000)
  object space 411648K, 43% used [0x00000000c0000000,0x00000000cafc6e90,0x00000000d9200000)
 Metaspace       used 59021K, committed 60352K, reserved 1114112K
  class space    used 6136K, committed 6720K, reserved 1048576K
}

