# JRE version: OpenJDK Runtime Environment Temurin-21.0.6+7 (21.0.6+7) (build 21.0.6+7-LTS)
# Java VM: OpenJDK 64-Bit Server VM Temurin-21.0.6+7 (21.0.6+7-LTS, mixed mode, sharing, tiered, compressed oops, compressed class ptrs, parallel gc, windows-amd64)
GC Precious Log:
 CardTable entry size: 512
 CPUs: 4 total, 4 available
 Memory: 7926M
 Large Page Support: Disabled
 NUMA Support: Disabled
 Compressed Oops: Enabled (32-bit)
 Alignments: Space 512K, Generation 512K, Heap 2M
 Heap Min Capacity: 100M
 Heap Initial Capacity: 100M
 Heap Max Capacity: 1G
 Pre-touch: Disabled
 Parallel Workers: 4
Heap:
 PSYoungGen      total 3584K, used 1024K [0x00000000eab00000, 0x00000000eaf80000, 0x0000000100000000)
  eden space 2560K, 0% used [0x00000000eab00000,0x00000000eab00000,0x00000000ead80000)
  from space 1024K, 100% used [0x00000000eae80000,0x00000000eaf80000,0x00000000eaf80000)
  to   space 512K, 0% used [0x00000000ead80000,0x00000000ead80000,0x00000000eae00000)
 ParOldGen       total 478720K, used 478458K [0x00000000c0000000, 0x00000000dd380000, 0x00000000eab00000)
  object space 478720K, 99% used [0x00000000c0000000,0x00000000dd33e8d0,0x00000000dd380000)
 Metaspace       used 80317K, committed 81920K, reserved 1179648K
  class space    used 8067K, committed 8768K, reserved 1048576K
GC Heap History (20 events):
Event: 474.375 GC heap before
{Heap before GC invocations=1732 (full 6):
 PSYoungGen      total 2048K, used 2048K [0x00000000eab00000, 0x00000000eb080000, 0x0000000100000000)
  eden space 1024K, 100% used [0x00000000eab00000,0x00000000eac00000,0x00000000eac00000)
  from space 1024K, 100% used [0x00000000eac00000,0x00000000ead00000,0x00000000ead00000)
  to   space 2048K, 0% used [0x00000000eae80000,0x00000000eae80000,0x00000000eb080000)
 ParOldGen       total 470528K, used 470075K [0x00000000c0000000, 0x00000000dcb80000, 0x00000000eab00000)
  object space 470528K, 99% used [0x00000000c0000000,0x00000000dcb0ec68,0x00000000dcb80000)
 Metaspace       used 79994K, committed 81536K, reserved 1179648K
  class space    used 8020K, committed 8704K, reserved 1048576K
}
Event: 474.377 GC heap after
{Heap after GC invocations=1732 (full 6):
 PSYoungGen      total 2560K, used 966K [0x00000000eab00000, 0x00000000eaf80000, 0x0000000100000000)
  eden space 1536K, 0% used [0x00000000eab00000,0x00000000eab00000,0x00000000eac80000)
  from space 1024K, 94% used [0x00000000eae80000,0x00000000eaf71800,0x00000000eaf80000)
  to   space 1536K, 0% used [0x00000000eac80000,0x00000000eac80000,0x00000000eae00000)
 ParOldGen       total 471552K, used 471083K [0x00000000c0000000, 0x00000000dcc80000, 0x00000000eab00000)
  object space 471552K, 99% used [0x00000000c0000000,0x00000000dcc0ac68,0x00000000dcc80000)
 Metaspace       used 79994K, committed 81536K, reserved 1179648K
  class space    used 8020K, committed 8704K, reserved 1048576K
}
Event: 474.381 GC heap before
{Heap before GC invocations=1733 (full 6):
 PSYoungGen      total 2560K, used 2502K [0x00000000eab00000, 0x00000000eaf80000, 0x0000000100000000)
  eden space 1536K, 100% used [0x00000000eab00000,0x00000000eac80000,0x00000000eac80000)
  from space 1024K, 94% used [0x00000000eae80000,0x00000000eaf71800,0x00000000eaf80000)
  to   space 1536K, 0% used [0x00000000eac80000,0x00000000eac80000,0x00000000eae00000)
 ParOldGen       total 471552K, used 471083K [0x00000000c0000000, 0x00000000dcc80000, 0x00000000eab00000)
  object space 471552K, 99% used [0x00000000c0000000,0x00000000dcc0ac68,0x00000000dcc80000)
 Metaspace       used 79994K, committed 81536K, reserved 1179648K
  class space    used 8020K, committed 8704K, reserved 1048576K
}
Event: 474.384 GC heap after
{Heap after GC invocations=1733 (full 6):
 PSYoungGen      total 3072K, used 1168K [0x00000000eab00000, 0x00000000eb000000, 0x0000000100000000)
  eden space 1536K, 0% used [0x00000000eab00000,0x00000000eab00000,0x00000000eac80000)
  from space 1536K, 76% used [0x00000000eac80000,0x00000000eada4000,0x00000000eae00000)
  to   space 1536K, 0% used [0x00000000eae80000,0x00000000eae80000,0x00000000eb000000)
 ParOldGen       total 472064K, used 471955K [0x00000000c0000000, 0x00000000dcd00000, 0x00000000eab00000)
  object space 472064K, 99% used [0x00000000c0000000,0x00000000dcce4c68,0x00000000dcd00000)
 Metaspace       used 79994K, committed 81536K, reserved 1179648K
  class space    used 8020K, committed 8704K, reserved 1048576K
}
Event: 474.392 GC heap before
{Heap before GC invocations=1734 (full 6):
 PSYoungGen      total 3072K, used 2704K [0x00000000eab00000, 0x00000000eb000000, 0x0000000100000000)
  eden space 1536K, 100% used [0x00000000eab00000,0x00000000eac80000,0x00000000eac80000)
  from space 1536K, 76% used [0x00000000eac80000,0x00000000eada4000,0x00000000eae00000)
  to   space 1536K, 0% used [0x00000000eae80000,0x00000000eae80000,0x00000000eb000000)
 ParOldGen       total 472064K, used 471955K [0x00000000c0000000, 0x00000000dcd00000, 0x00000000eab00000)
  object space 472064K, 99% used [0x00000000c0000000,0x00000000dcce4c68,0x00000000dcd00000)
 Metaspace       used 79994K, committed 81536K, reserved 1179648K
  class space    used 8020K, committed 8704K, reserved 1048576K
}
Event: 474.394 GC heap after
{Heap after GC invocations=1734 (full 6):
 PSYoungGen      total 2048K, used 1513K [0x00000000eab00000, 0x00000000eb300000, 0x0000000100000000)
  eden space 512K, 0% used [0x00000000eab00000,0x00000000eab00000,0x00000000eab80000)
  from space 1536K, 98% used [0x00000000eae80000,0x00000000eaffa720,0x00000000eb000000)
  to   space 3072K, 0% used [0x00000000eab80000,0x00000000eab80000,0x00000000eae80000)
 ParOldGen       total 473600K, used 473107K [0x00000000c0000000, 0x00000000dce80000, 0x00000000eab00000)
  object space 473600K, 99% used [0x00000000c0000000,0x00000000dce04c68,0x00000000dce80000)
 Metaspace       used 79994K, committed 81536K, reserved 1179648K
  class space    used 8020K, committed 8704K, reserved 1048576K
}
Event: 474.395 GC heap before
{Heap before GC invocations=1735 (full 6):
 PSYoungGen      total 2048K, used 2025K [0x00000000eab00000, 0x00000000eb300000, 0x0000000100000000)
  eden space 512K, 100% used [0x00000000eab00000,0x00000000eab80000,0x00000000eab80000)
  from space 1536K, 98% used [0x00000000eae80000,0x00000000eaffa720,0x00000000eb000000)
  to   space 3072K, 0% used [0x00000000eab80000,0x00000000eab80000,0x00000000eae80000)
 ParOldGen       total 473600K, used 473107K [0x00000000c0000000, 0x00000000dce80000, 0x00000000eab00000)
  object space 473600K, 99% used [0x00000000c0000000,0x00000000dce04c68,0x00000000dce80000)
 Metaspace       used 79994K, committed 81536K, reserved 1179648K
  class space    used 8020K, committed 8704K, reserved 1048576K
}
Event: 474.397 GC heap after
{Heap after GC invocations=1735 (full 6):
 PSYoungGen      total 1536K, used 544K [0x00000000eab00000, 0x00000000eaf00000, 0x0000000100000000)
  eden space 512K, 0% used [0x00000000eab00000,0x00000000eab00000,0x00000000eab80000)
  from space 1024K, 53% used [0x00000000eab80000,0x00000000eac08000,0x00000000eac80000)
  to   space 1536K, 0% used [0x00000000ead80000,0x00000000ead80000,0x00000000eaf00000)
 ParOldGen       total 474624K, used 474620K [0x00000000c0000000, 0x00000000dcf80000, 0x00000000eab00000)
  object space 474624K, 99% used [0x00000000c0000000,0x00000000dcf7f388,0x00000000dcf80000)
 Metaspace       used 79994K, committed 81536K, reserved 1179648K
  class space    used 8020K, committed 8704K, reserved 1048576K
}
Event: 474.398 GC heap before
{Heap before GC invocations=1736 (full 6):
 PSYoungGen      total 1536K, used 1056K [0x00000000eab00000, 0x00000000eaf00000, 0x0000000100000000)
  eden space 512K, 100% used [0x00000000eab00000,0x00000000eab80000,0x00000000eab80000)
  from space 1024K, 53% used [0x00000000eab80000,0x00000000eac08000,0x00000000eac80000)
  to   space 1536K, 0% used [0x00000000ead80000,0x00000000ead80000,0x00000000eaf00000)
 ParOldGen       total 474624K, used 474620K [0x00000000c0000000, 0x00000000dcf80000, 0x00000000eab00000)
  object space 474624K, 99% used [0x00000000c0000000,0x00000000dcf7f388,0x00000000dcf80000)
 Metaspace       used 79994K, committed 81536K, reserved 1179648K
  class space    used 8020K, committed 8704K, reserved 1048576K
}
Event: 474.399 GC heap after
{Heap after GC invocations=1736 (full 6):
 PSYoungGen      total 2048K, used 544K [0x00000000eab00000, 0x00000000eae80000, 0x0000000100000000)
  eden space 1024K, 0% used [0x00000000eab00000,0x00000000eab00000,0x00000000eac00000)
  from space 1024K, 53% used [0x00000000ead80000,0x00000000eae08000,0x00000000eae80000)
  to   space 1024K, 0% used [0x00000000eac80000,0x00000000eac80000,0x00000000ead80000)
 ParOldGen       total 475136K, used 475124K [0x00000000c0000000, 0x00000000dd000000, 0x00000000eab00000)
  object space 475136K, 99% used [0x00000000c0000000,0x00000000dcffd388,0x00000000dd000000)
 Metaspace       used 79994K, committed 81536K, reserved 1179648K
  class space    used 8020K, committed 8704K, reserved 1048576K
}
Event: 474.401 GC heap before
{Heap before GC invocations=1737 (full 6):
 PSYoungGen      total 2048K, used 1549K [0x00000000eab00000, 0x00000000eae80000, 0x0000000100000000)
  eden space 1024K, 98% used [0x00000000eab00000,0x00000000eabfb768,0x00000000eac00000)
  from space 1024K, 53% used [0x00000000ead80000,0x00000000eae08000,0x00000000eae80000)
  to   space 1024K, 0% used [0x00000000eac80000,0x00000000eac80000,0x00000000ead80000)
 ParOldGen       total 475136K, used 475124K [0x00000000c0000000, 0x00000000dd000000, 0x00000000eab00000)
  object space 475136K, 99% used [0x00000000c0000000,0x00000000dcffd388,0x00000000dd000000)
 Metaspace       used 79994K, committed 81536K, reserved 1179648K
  class space    used 8020K, committed 8704K, reserved 1048576K
}
Event: 474.403 GC heap after
{Heap after GC invocations=1737 (full 6):
 PSYoungGen      total 2560K, used 1002K [0x00000000eab00000, 0x00000000eaf80000, 0x0000000100000000)
  eden space 1536K, 0% used [0x00000000eab00000,0x00000000eab00000,0x00000000eac80000)
  from space 1024K, 97% used [0x00000000eac80000,0x00000000ead7a800,0x00000000ead80000)
  to   space 1536K, 0% used [0x00000000eae00000,0x00000000eae00000,0x00000000eaf80000)
 ParOldGen       total 475648K, used 475628K [0x00000000c0000000, 0x00000000dd080000, 0x00000000eab00000)
  object space 475648K, 99% used [0x00000000c0000000,0x00000000dd07b388,0x00000000dd080000)
 Metaspace       used 79994K, committed 81536K, reserved 1179648K
  class space    used 8020K, committed 8704K, reserved 1048576K
}
Event: 474.443 GC heap before
{Heap before GC invocations=1738 (full 6):
 PSYoungGen      total 2560K, used 2537K [0x00000000eab00000, 0x00000000eaf80000, 0x0000000100000000)
  eden space 1536K, 99% used [0x00000000eab00000,0x00000000eac7ffd8,0x00000000eac80000)
  from space 1024K, 97% used [0x00000000eac80000,0x00000000ead7a800,0x00000000ead80000)
  to   space 1536K, 0% used [0x00000000eae00000,0x00000000eae00000,0x00000000eaf80000)
 ParOldGen       total 475648K, used 475628K [0x00000000c0000000, 0x00000000dd080000, 0x00000000eab00000)
  object space 475648K, 99% used [0x00000000c0000000,0x00000000dd07b388,0x00000000dd080000)
 Metaspace       used 79994K, committed 81536K, reserved 1179648K
  class space    used 8020K, committed 8704K, reserved 1048576K
}
Event: 474.446 GC heap after
{Heap after GC invocations=1738 (full 6):
 PSYoungGen      total 3072K, used 912K [0x00000000eab00000, 0x00000000eaf00000, 0x0000000100000000)
  eden space 2048K, 0% used [0x00000000eab00000,0x00000000eab00000,0x00000000ead00000)
  from space 1024K, 89% used [0x00000000eae00000,0x00000000eaee4000,0x00000000eaf00000)
  to   space 1024K, 0% used [0x00000000ead00000,0x00000000ead00000,0x00000000eae00000)
 ParOldGen       total 476672K, used 476532K [0x00000000c0000000, 0x00000000dd180000, 0x00000000eab00000)
  object space 476672K, 99% used [0x00000000c0000000,0x00000000dd15d388,0x00000000dd180000)
 Metaspace       used 79994K, committed 81536K, reserved 1179648K
  class space    used 8020K, committed 8704K, reserved 1048576K
}
Event: 488.267 GC heap before
{Heap before GC invocations=1739 (full 6):
 PSYoungGen      total 3072K, used 2948K [0x00000000eab00000, 0x00000000eaf00000, 0x0000000100000000)
  eden space 2048K, 99% used [0x00000000eab00000,0x00000000eacfd008,0x00000000ead00000)
  from space 1024K, 89% used [0x00000000eae00000,0x00000000eaee4000,0x00000000eaf00000)
  to   space 1024K, 0% used [0x00000000ead00000,0x00000000ead00000,0x00000000eae00000)
 ParOldGen       total 476672K, used 476532K [0x00000000c0000000, 0x00000000dd180000, 0x00000000eab00000)
  object space 476672K, 99% used [0x00000000c0000000,0x00000000dd15d388,0x00000000dd180000)
 Metaspace       used 80003K, committed 81536K, reserved 1179648K
  class space    used 8021K, committed 8704K, reserved 1048576K
}
Event: 488.269 GC heap after
{Heap after GC invocations=1739 (full 6):
 PSYoungGen      total 3072K, used 128K [0x00000000eab00000, 0x00000000eae80000, 0x0000000100000000)
  eden space 2048K, 0% used [0x00000000eab00000,0x00000000eab00000,0x00000000ead00000)
  from space 1024K, 12% used [0x00000000ead00000,0x00000000ead20000,0x00000000eae00000)
  to   space 512K, 0% used [0x00000000eae00000,0x00000000eae00000,0x00000000eae80000)
 ParOldGen       total 477696K, used 477377K [0x00000000c0000000, 0x00000000dd280000, 0x00000000eab00000)
  object space 477696K, 99% used [0x00000000c0000000,0x00000000dd230590,0x00000000dd280000)
 Metaspace       used 80003K, committed 81536K, reserved 1179648K
  class space    used 8021K, committed 8704K, reserved 1048576K
}
Event: 488.306 GC heap before
{Heap before GC invocations=1740 (full 6):
 PSYoungGen      total 3072K, used 2176K [0x00000000eab00000, 0x00000000eae80000, 0x0000000100000000)
  eden space 2048K, 100% used [0x00000000eab00000,0x00000000ead00000,0x00000000ead00000)
  from space 1024K, 12% used [0x00000000ead00000,0x00000000ead20000,0x00000000eae00000)
  to   space 512K, 0% used [0x00000000eae00000,0x00000000eae00000,0x00000000eae80000)
 ParOldGen       total 477696K, used 477377K [0x00000000c0000000, 0x00000000dd280000, 0x00000000eab00000)
  object space 477696K, 99% used [0x00000000c0000000,0x00000000dd230590,0x00000000dd280000)
 Metaspace       used 80180K, committed 81856K, reserved 1179648K
  class space    used 8042K, committed 8768K, reserved 1048576K
}
Event: 488.307 GC heap after
{Heap after GC invocations=1740 (full 6):
 PSYoungGen      total 3072K, used 320K [0x00000000eab00000, 0x00000000eae80000, 0x0000000100000000)
  eden space 2560K, 0% used [0x00000000eab00000,0x00000000eab00000,0x00000000ead80000)
  from space 512K, 62% used [0x00000000eae00000,0x00000000eae50000,0x00000000eae80000)
  to   space 512K, 0% used [0x00000000ead80000,0x00000000ead80000,0x00000000eae00000)
 ParOldGen       total 477696K, used 477409K [0x00000000c0000000, 0x00000000dd280000, 0x00000000eab00000)
  object space 477696K, 99% used [0x00000000c0000000,0x00000000dd238590,0x00000000dd280000)
 Metaspace       used 80180K, committed 81856K, reserved 1179648K
  class space    used 8042K, committed 8768K, reserved 1048576K
}
Event: 488.345 GC heap before
{Heap before GC invocations=1741 (full 6):
 PSYoungGen      total 3072K, used 2880K [0x00000000eab00000, 0x00000000eae80000, 0x0000000100000000)
  eden space 2560K, 100% used [0x00000000eab00000,0x00000000ead80000,0x00000000ead80000)
  from space 512K, 62% used [0x00000000eae00000,0x00000000eae50000,0x00000000eae80000)
  to   space 512K, 0% used [0x00000000ead80000,0x00000000ead80000,0x00000000eae00000)
 ParOldGen       total 477696K, used 477409K [0x00000000c0000000, 0x00000000dd280000, 0x00000000eab00000)
  object space 477696K, 99% used [0x00000000c0000000,0x00000000dd238590,0x00000000dd280000)
 Metaspace       used 80298K, committed 81920K, reserved 1179648K
  class space    used 8064K, committed 8768K, reserved 1048576K
}
Event: 488.349 GC heap after
{Heap after GC invocations=1741 (full 6):
 PSYoungGen      total 3072K, used 512K [0x00000000eab00000, 0x00000000eaf80000, 0x0000000100000000)
  eden space 2560K, 0% used [0x00000000eab00000,0x00000000eab00000,0x00000000ead80000)
  from space 512K, 100% used [0x00000000ead80000,0x00000000eae00000,0x00000000eae00000)
  to   space 1024K, 0% used [0x00000000eae80000,0x00000000eae80000,0x00000000eaf80000)
 ParOldGen       total 478208K, used 477788K [0x00000000c0000000, 0x00000000dd300000, 0x00000000eab00000)
  object space 478208K, 99% used [0x00000000c0000000,0x00000000dd297060,0x00000000dd300000)
 Metaspace       used 80298K, committed 81920K, reserved 1179648K
  class space    used 8064K, committed 8768K, reserved 1048576K
}

