# JRE version: OpenJDK Runtime Environment Temurin-21.0.6+7 (21.0.6+7) (build 21.0.6+7-LTS)
# Java VM: OpenJDK 64-Bit Server VM Temurin-21.0.6+7 (21.0.6+7-LTS, mixed mode, sharing, tiered, compressed oops, compressed class ptrs, parallel gc, windows-amd64)
GC Precious Log:
 CardTable entry size: 512
 CPUs: 4 total, 4 available
 Memory: 7926M
 Large Page Support: Disabled
 NUMA Support: Disabled
 Compressed Oops: Enabled (32-bit)
 Alignments: Space 512K, Generation 512K, Heap 2M
 Heap Min Capacity: 100M
 Heap Initial Capacity: 100M
 Heap Max Capacity: 1G
 Pre-touch: Disabled
 Parallel Workers: 4
Heap:
 PSYoungGen      total 2560K, used 482K [0x00000000eab00000, 0x00000000eaf00000, 0x0000000100000000)
  eden space 2048K, 17% used [0x00000000eab00000,0x00000000eab589a8,0x00000000ead00000)
  from space 512K, 25% used [0x00000000eae00000,0x00000000eae20000,0x00000000eae80000)
  to   space 512K, 0% used [0x00000000eae80000,0x00000000eae80000,0x00000000eaf00000)
 ParOldGen       total 573440K, used 573066K [0x00000000c0000000, 0x00000000e3000000, 0x00000000eab00000)
  object space 573440K, 99% used [0x00000000c0000000,0x00000000e2fa2838,0x00000000e3000000)
 Metaspace       used 80629K, committed 82304K, reserved 1179648K
  class space    used 8056K, committed 8768K, reserved 1048576K
GC Heap History (20 events):
Event: 276.901 GC heap before
{Heap before GC invocations=968 (full 4):
 PSYoungGen      total 2560K, used 2544K [0x00000000eab00000, 0x00000000eaf00000, 0x0000000100000000)
  eden space 2048K, 100% used [0x00000000eab00000,0x00000000ead00000,0x00000000ead00000)
  from space 512K, 96% used [0x00000000eae80000,0x00000000eaefc010,0x00000000eaf00000)
  to   space 1024K, 0% used [0x00000000ead00000,0x00000000ead00000,0x00000000eae00000)
 ParOldGen       total 572416K, used 572214K [0x00000000c0000000, 0x00000000e2f00000, 0x00000000eab00000)
  object space 572416K, 99% used [0x00000000c0000000,0x00000000e2ecda18,0x00000000e2f00000)
 Metaspace       used 80611K, committed 82304K, reserved 1179648K
  class space    used 8056K, committed 8768K, reserved 1048576K
}
Event: 276.904 GC heap after
{Heap after GC invocations=968 (full 4):
 PSYoungGen      total 3072K, used 96K [0x00000000eab00000, 0x00000000eaf00000, 0x0000000100000000)
  eden space 2048K, 0% used [0x00000000eab00000,0x00000000eab00000,0x00000000ead00000)
  from space 1024K, 9% used [0x00000000ead00000,0x00000000ead18000,0x00000000eae00000)
  to   space 512K, 0% used [0x00000000eae80000,0x00000000eae80000,0x00000000eaf00000)
 ParOldGen       total 572928K, used 572625K [0x00000000c0000000, 0x00000000e2f80000, 0x00000000eab00000)
  object space 572928K, 99% used [0x00000000c0000000,0x00000000e2f34520,0x00000000e2f80000)
 Metaspace       used 80611K, committed 82304K, reserved 1179648K
  class space    used 8056K, committed 8768K, reserved 1048576K
}
Event: 277.244 GC heap before
{Heap before GC invocations=969 (full 4):
 PSYoungGen      total 3072K, used 2143K [0x00000000eab00000, 0x00000000eaf00000, 0x0000000100000000)
  eden space 2048K, 99% used [0x00000000eab00000,0x00000000eacfffa8,0x00000000ead00000)
  from space 1024K, 9% used [0x00000000ead00000,0x00000000ead18000,0x00000000eae00000)
  to   space 512K, 0% used [0x00000000eae80000,0x00000000eae80000,0x00000000eaf00000)
 ParOldGen       total 572928K, used 572625K [0x00000000c0000000, 0x00000000e2f80000, 0x00000000eab00000)
  object space 572928K, 99% used [0x00000000c0000000,0x00000000e2f34520,0x00000000e2f80000)
 Metaspace       used 80611K, committed 82304K, reserved 1179648K
  class space    used 8056K, committed 8768K, reserved 1048576K
}
Event: 277.246 GC heap after
{Heap after GC invocations=969 (full 4):
 PSYoungGen      total 2560K, used 128K [0x00000000eab00000, 0x00000000eaf00000, 0x0000000100000000)
  eden space 2048K, 0% used [0x00000000eab00000,0x00000000eab00000,0x00000000ead00000)
  from space 512K, 25% used [0x00000000eae80000,0x00000000eaea0000,0x00000000eaf00000)
  to   space 512K, 0% used [0x00000000eae00000,0x00000000eae00000,0x00000000eae80000)
 ParOldGen       total 572928K, used 572641K [0x00000000c0000000, 0x00000000e2f80000, 0x00000000eab00000)
  object space 572928K, 99% used [0x00000000c0000000,0x00000000e2f38520,0x00000000e2f80000)
 Metaspace       used 80611K, committed 82304K, reserved 1179648K
  class space    used 8056K, committed 8768K, reserved 1048576K
}
Event: 277.404 GC heap before
{Heap before GC invocations=970 (full 4):
 PSYoungGen      total 2560K, used 2176K [0x00000000eab00000, 0x00000000eaf00000, 0x0000000100000000)
  eden space 2048K, 100% used [0x00000000eab00000,0x00000000ead00000,0x00000000ead00000)
  from space 512K, 25% used [0x00000000eae80000,0x00000000eaea0000,0x00000000eaf00000)
  to   space 512K, 0% used [0x00000000eae00000,0x00000000eae00000,0x00000000eae80000)
 ParOldGen       total 572928K, used 572641K [0x00000000c0000000, 0x00000000e2f80000, 0x00000000eab00000)
  object space 572928K, 99% used [0x00000000c0000000,0x00000000e2f38520,0x00000000e2f80000)
 Metaspace       used 80613K, committed 82304K, reserved 1179648K
  class space    used 8056K, committed 8768K, reserved 1048576K
}
Event: 277.406 GC heap after
{Heap after GC invocations=970 (full 4):
 PSYoungGen      total 2560K, used 128K [0x00000000eab00000, 0x00000000eaf00000, 0x0000000100000000)
  eden space 2048K, 0% used [0x00000000eab00000,0x00000000eab00000,0x00000000ead00000)
  from space 512K, 25% used [0x00000000eae00000,0x00000000eae20000,0x00000000eae80000)
  to   space 512K, 0% used [0x00000000eae80000,0x00000000eae80000,0x00000000eaf00000)
 ParOldGen       total 572928K, used 572654K [0x00000000c0000000, 0x00000000e2f80000, 0x00000000eab00000)
  object space 572928K, 99% used [0x00000000c0000000,0x00000000e2f3bb78,0x00000000e2f80000)
 Metaspace       used 80613K, committed 82304K, reserved 1179648K
  class space    used 8056K, committed 8768K, reserved 1048576K
}
Event: 277.616 GC heap before
{Heap before GC invocations=971 (full 4):
 PSYoungGen      total 2560K, used 2176K [0x00000000eab00000, 0x00000000eaf00000, 0x0000000100000000)
  eden space 2048K, 100% used [0x00000000eab00000,0x00000000ead00000,0x00000000ead00000)
  from space 512K, 25% used [0x00000000eae00000,0x00000000eae20000,0x00000000eae80000)
  to   space 512K, 0% used [0x00000000eae80000,0x00000000eae80000,0x00000000eaf00000)
 ParOldGen       total 572928K, used 572654K [0x00000000c0000000, 0x00000000e2f80000, 0x00000000eab00000)
  object space 572928K, 99% used [0x00000000c0000000,0x00000000e2f3bb78,0x00000000e2f80000)
 Metaspace       used 80613K, committed 82304K, reserved 1179648K
  class space    used 8056K, committed 8768K, reserved 1048576K
}
Event: 277.619 GC heap after
{Heap after GC invocations=971 (full 4):
 PSYoungGen      total 2560K, used 224K [0x00000000eab00000, 0x00000000eaf00000, 0x0000000100000000)
  eden space 2048K, 0% used [0x00000000eab00000,0x00000000eab00000,0x00000000ead00000)
  from space 512K, 43% used [0x00000000eae80000,0x00000000eaeb8000,0x00000000eaf00000)
  to   space 512K, 0% used [0x00000000eae00000,0x00000000eae00000,0x00000000eae80000)
 ParOldGen       total 572928K, used 572686K [0x00000000c0000000, 0x00000000e2f80000, 0x00000000eab00000)
  object space 572928K, 99% used [0x00000000c0000000,0x00000000e2f43b78,0x00000000e2f80000)
 Metaspace       used 80613K, committed 82304K, reserved 1179648K
  class space    used 8056K, committed 8768K, reserved 1048576K
}
Event: 277.635 GC heap before
{Heap before GC invocations=972 (full 4):
 PSYoungGen      total 2560K, used 2272K [0x00000000eab00000, 0x00000000eaf00000, 0x0000000100000000)
  eden space 2048K, 100% used [0x00000000eab00000,0x00000000ead00000,0x00000000ead00000)
  from space 512K, 43% used [0x00000000eae80000,0x00000000eaeb8000,0x00000000eaf00000)
  to   space 512K, 0% used [0x00000000eae00000,0x00000000eae00000,0x00000000eae80000)
 ParOldGen       total 572928K, used 572686K [0x00000000c0000000, 0x00000000e2f80000, 0x00000000eab00000)
  object space 572928K, 99% used [0x00000000c0000000,0x00000000e2f43b78,0x00000000e2f80000)
 Metaspace       used 80618K, committed 82304K, reserved 1179648K
  class space    used 8056K, committed 8768K, reserved 1048576K
}
Event: 277.638 GC heap after
{Heap after GC invocations=972 (full 4):
 PSYoungGen      total 2560K, used 128K [0x00000000eab00000, 0x00000000eaf00000, 0x0000000100000000)
  eden space 2048K, 0% used [0x00000000eab00000,0x00000000eab00000,0x00000000ead00000)
  from space 512K, 25% used [0x00000000eae00000,0x00000000eae20000,0x00000000eae80000)
  to   space 512K, 0% used [0x00000000eae80000,0x00000000eae80000,0x00000000eaf00000)
 ParOldGen       total 572928K, used 572830K [0x00000000c0000000, 0x00000000e2f80000, 0x00000000eab00000)
  object space 572928K, 99% used [0x00000000c0000000,0x00000000e2f67b78,0x00000000e2f80000)
 Metaspace       used 80618K, committed 82304K, reserved 1179648K
  class space    used 8056K, committed 8768K, reserved 1048576K
}
Event: 277.701 GC heap before
{Heap before GC invocations=973 (full 4):
 PSYoungGen      total 2560K, used 2176K [0x00000000eab00000, 0x00000000eaf00000, 0x0000000100000000)
  eden space 2048K, 100% used [0x00000000eab00000,0x00000000ead00000,0x00000000ead00000)
  from space 512K, 25% used [0x00000000eae00000,0x00000000eae20000,0x00000000eae80000)
  to   space 512K, 0% used [0x00000000eae80000,0x00000000eae80000,0x00000000eaf00000)
 ParOldGen       total 572928K, used 572830K [0x00000000c0000000, 0x00000000e2f80000, 0x00000000eab00000)
  object space 572928K, 99% used [0x00000000c0000000,0x00000000e2f67b78,0x00000000e2f80000)
 Metaspace       used 80621K, committed 82304K, reserved 1179648K
  class space    used 8056K, committed 8768K, reserved 1048576K
}
Event: 277.703 GC heap after
{Heap after GC invocations=973 (full 4):
 PSYoungGen      total 2560K, used 96K [0x00000000eab00000, 0x00000000eaf00000, 0x0000000100000000)
  eden space 2048K, 0% used [0x00000000eab00000,0x00000000eab00000,0x00000000ead00000)
  from space 512K, 18% used [0x00000000eae80000,0x00000000eae98000,0x00000000eaf00000)
  to   space 512K, 0% used [0x00000000eae00000,0x00000000eae00000,0x00000000eae80000)
 ParOldGen       total 572928K, used 572838K [0x00000000c0000000, 0x00000000e2f80000, 0x00000000eab00000)
  object space 572928K, 99% used [0x00000000c0000000,0x00000000e2f69b78,0x00000000e2f80000)
 Metaspace       used 80621K, committed 82304K, reserved 1179648K
  class space    used 8056K, committed 8768K, reserved 1048576K
}
Event: 278.087 GC heap before
{Heap before GC invocations=974 (full 4):
 PSYoungGen      total 2560K, used 2144K [0x00000000eab00000, 0x00000000eaf00000, 0x0000000100000000)
  eden space 2048K, 100% used [0x00000000eab00000,0x00000000ead00000,0x00000000ead00000)
  from space 512K, 18% used [0x00000000eae80000,0x00000000eae98000,0x00000000eaf00000)
  to   space 512K, 0% used [0x00000000eae00000,0x00000000eae00000,0x00000000eae80000)
 ParOldGen       total 572928K, used 572838K [0x00000000c0000000, 0x00000000e2f80000, 0x00000000eab00000)
  object space 572928K, 99% used [0x00000000c0000000,0x00000000e2f69b78,0x00000000e2f80000)
 Metaspace       used 80622K, committed 82304K, reserved 1179648K
  class space    used 8056K, committed 8768K, reserved 1048576K
}
Event: 278.090 GC heap after
{Heap after GC invocations=974 (full 4):
 PSYoungGen      total 2560K, used 240K [0x00000000eab00000, 0x00000000eaf00000, 0x0000000100000000)
  eden space 2048K, 0% used [0x00000000eab00000,0x00000000eab00000,0x00000000ead00000)
  from space 512K, 46% used [0x00000000eae00000,0x00000000eae3c010,0x00000000eae80000)
  to   space 512K, 0% used [0x00000000eae80000,0x00000000eae80000,0x00000000eaf00000)
 ParOldGen       total 572928K, used 572854K [0x00000000c0000000, 0x00000000e2f80000, 0x00000000eab00000)
  object space 572928K, 99% used [0x00000000c0000000,0x00000000e2f6db78,0x00000000e2f80000)
 Metaspace       used 80622K, committed 82304K, reserved 1179648K
  class space    used 8056K, committed 8768K, reserved 1048576K
}
Event: 278.248 GC heap before
{Heap before GC invocations=975 (full 4):
 PSYoungGen      total 2560K, used 2288K [0x00000000eab00000, 0x00000000eaf00000, 0x0000000100000000)
  eden space 2048K, 100% used [0x00000000eab00000,0x00000000ead00000,0x00000000ead00000)
  from space 512K, 46% used [0x00000000eae00000,0x00000000eae3c010,0x00000000eae80000)
  to   space 512K, 0% used [0x00000000eae80000,0x00000000eae80000,0x00000000eaf00000)
 ParOldGen       total 572928K, used 572854K [0x00000000c0000000, 0x00000000e2f80000, 0x00000000eab00000)
  object space 572928K, 99% used [0x00000000c0000000,0x00000000e2f6db78,0x00000000e2f80000)
 Metaspace       used 80622K, committed 82304K, reserved 1179648K
  class space    used 8056K, committed 8768K, reserved 1048576K
}
Event: 278.250 GC heap after
{Heap after GC invocations=975 (full 4):
 PSYoungGen      total 2560K, used 192K [0x00000000eab00000, 0x00000000eaf00000, 0x0000000100000000)
  eden space 2048K, 0% used [0x00000000eab00000,0x00000000eab00000,0x00000000ead00000)
  from space 512K, 37% used [0x00000000eae80000,0x00000000eaeb0000,0x00000000eaf00000)
  to   space 512K, 0% used [0x00000000eae00000,0x00000000eae00000,0x00000000eae80000)
 ParOldGen       total 572928K, used 572862K [0x00000000c0000000, 0x00000000e2f80000, 0x00000000eab00000)
  object space 572928K, 99% used [0x00000000c0000000,0x00000000e2f6fb78,0x00000000e2f80000)
 Metaspace       used 80622K, committed 82304K, reserved 1179648K
  class space    used 8056K, committed 8768K, reserved 1048576K
}
Event: 278.460 GC heap before
{Heap before GC invocations=976 (full 4):
 PSYoungGen      total 2560K, used 2240K [0x00000000eab00000, 0x00000000eaf00000, 0x0000000100000000)
  eden space 2048K, 100% used [0x00000000eab00000,0x00000000ead00000,0x00000000ead00000)
  from space 512K, 37% used [0x00000000eae80000,0x00000000eaeb0000,0x00000000eaf00000)
  to   space 512K, 0% used [0x00000000eae00000,0x00000000eae00000,0x00000000eae80000)
 ParOldGen       total 572928K, used 572862K [0x00000000c0000000, 0x00000000e2f80000, 0x00000000eab00000)
  object space 572928K, 99% used [0x00000000c0000000,0x00000000e2f6fb78,0x00000000e2f80000)
 Metaspace       used 80623K, committed 82304K, reserved 1179648K
  class space    used 8056K, committed 8768K, reserved 1048576K
}
Event: 278.463 GC heap after
{Heap after GC invocations=976 (full 4):
 PSYoungGen      total 2560K, used 224K [0x00000000eab00000, 0x00000000eaf00000, 0x0000000100000000)
  eden space 2048K, 0% used [0x00000000eab00000,0x00000000eab00000,0x00000000ead00000)
  from space 512K, 43% used [0x00000000eae00000,0x00000000eae38000,0x00000000eae80000)
  to   space 512K, 0% used [0x00000000eae80000,0x00000000eae80000,0x00000000eaf00000)
 ParOldGen       total 573440K, used 572964K [0x00000000c0000000, 0x00000000e3000000, 0x00000000eab00000)
  object space 573440K, 99% used [0x00000000c0000000,0x00000000e2f891d8,0x00000000e3000000)
 Metaspace       used 80623K, committed 82304K, reserved 1179648K
  class space    used 8056K, committed 8768K, reserved 1048576K
}
Event: 278.483 GC heap before
{Heap before GC invocations=977 (full 4):
 PSYoungGen      total 2560K, used 2272K [0x00000000eab00000, 0x00000000eaf00000, 0x0000000100000000)
  eden space 2048K, 100% used [0x00000000eab00000,0x00000000ead00000,0x00000000ead00000)
  from space 512K, 43% used [0x00000000eae00000,0x00000000eae38000,0x00000000eae80000)
  to   space 512K, 0% used [0x00000000eae80000,0x00000000eae80000,0x00000000eaf00000)
 ParOldGen       total 573440K, used 572964K [0x00000000c0000000, 0x00000000e3000000, 0x00000000eab00000)
  object space 573440K, 99% used [0x00000000c0000000,0x00000000e2f891d8,0x00000000e3000000)
 Metaspace       used 80624K, committed 82304K, reserved 1179648K
  class space    used 8056K, committed 8768K, reserved 1048576K
}
Event: 278.484 GC heap after
{Heap after GC invocations=977 (full 4):
 PSYoungGen      total 2560K, used 160K [0x00000000eab00000, 0x00000000eaf00000, 0x0000000100000000)
  eden space 2048K, 0% used [0x00000000eab00000,0x00000000eab00000,0x00000000ead00000)
  from space 512K, 31% used [0x00000000eae80000,0x00000000eaea8000,0x00000000eaf00000)
  to   space 512K, 0% used [0x00000000eae00000,0x00000000eae00000,0x00000000eae80000)
 ParOldGen       total 573440K, used 573034K [0x00000000c0000000, 0x00000000e3000000, 0x00000000eab00000)
  object space 573440K, 99% used [0x00000000c0000000,0x00000000e2f9a838,0x00000000e3000000)
 Metaspace       used 80624K, committed 82304K, reserved 1179648K
  class space    used 8056K, committed 8768K, reserved 1048576K
}

