# JRE version: Java(TM) SE Runtime Environment (23.0.2+7) (build 23.0.2+7-58)
# Java VM: Java HotSpot(TM) 64-Bit Server VM (23.0.2+7-58, mixed mode, sharing, tiered, compressed oops, compressed class ptrs, g1 gc, windows-amd64)
GC Precious Log:
 CardTable entry size: 512
 Card Set container configuration: InlinePtr #cards 5 size 8 Array Of Cards #cards 10 size 36 Howl #buckets 4 coarsen threshold 1843 Howl Bitmap #cards 512 size 80 coarsen threshold 460 Card regions per heap region 1 cards per card region 2048
 CPUs: 4 total, 4 available
 Memory: 7926M
 Large Page Support: Disabled
 NUMA Support: Disabled
 Compressed Oops: Enabled (32-bit)
 Heap Region Size: 1M
 Heap Min Capacity: 8M
 Heap Initial Capacity: 8M
 Heap Max Capacity: 1982M
 Pre-touch: Disabled
 Parallel Workers: 4
 Concurrent Workers: 1
 Concurrent Refinement Workers: 4
 Periodic GC: Disabled
Heap:
 garbage-first heap   total reserved 2029568K, committed 8192K, used 3707K [0x0000000084200000, 0x0000000100000000)
  region size 1024K, 2 young (2048K), 1 survivors (1024K)
 Metaspace       used 8170K, committed 8384K, reserved 1114112K
  class space    used 967K, committed 1088K, reserved 1048576K
GC Heap History (10 events):
Event: 0.844 GC heap before
{Heap before GC invocations=0 (full 0):
 garbage-first heap   total reserved 2029568K, committed 8192K, used 3072K [0x0000000084200000, 0x0000000100000000)
  region size 1024K, 4 young (4096K), 0 survivors (0K)
 Metaspace       used 5439K, committed 5568K, reserved 1114112K
  class space    used 659K, committed 704K, reserved 1048576K
}
Event: 0.851 GC heap after
{Heap after GC invocations=1 (full 0):
 garbage-first heap   total reserved 2029568K, committed 8192K, used 1888K [0x0000000084200000, 0x0000000100000000)
  region size 1024K, 1 young (1024K), 1 survivors (1024K)
 Metaspace       used 5439K, committed 5568K, reserved 1114112K
  class space    used 659K, committed 704K, reserved 1048576K
}
Event: 0.991 GC heap before
{Heap before GC invocations=1 (full 0):
 garbage-first heap   total reserved 2029568K, committed 8192K, used 3936K [0x0000000084200000, 0x0000000100000000)
  region size 1024K, 3 young (3072K), 1 survivors (1024K)
 Metaspace       used 7771K, committed 8000K, reserved 1114112K
  class space    used 916K, committed 1024K, reserved 1048576K
}
Event: 0.995 GC heap after
{Heap after GC invocations=2 (full 0):
 garbage-first heap   total reserved 2029568K, committed 8192K, used 2529K [0x0000000084200000, 0x0000000100000000)
  region size 1024K, 1 young (1024K), 1 survivors (1024K)
 Metaspace       used 7771K, committed 8000K, reserved 1114112K
  class space    used 916K, committed 1024K, reserved 1048576K
}
Event: 1.059 GC heap before
{Heap before GC invocations=2 (full 0):
 garbage-first heap   total reserved 2029568K, committed 8192K, used 4577K [0x0000000084200000, 0x0000000100000000)
  region size 1024K, 3 young (3072K), 1 survivors (1024K)
 Metaspace       used 8056K, committed 8256K, reserved 1114112K
  class space    used 957K, committed 1088K, reserved 1048576K
}
Event: 1.063 GC heap after
{Heap after GC invocations=3 (full 0):
 garbage-first heap   total reserved 2029568K, committed 8192K, used 3246K [0x0000000084200000, 0x0000000100000000)
  region size 1024K, 1 young (1024K), 1 survivors (1024K)
 Metaspace       used 8056K, committed 8256K, reserved 1114112K
  class space    used 957K, committed 1088K, reserved 1048576K
}
Event: 1.139 GC heap before
{Heap before GC invocations=3 (full 0):
 garbage-first heap   total reserved 2029568K, committed 8192K, used 5294K [0x0000000084200000, 0x0000000100000000)
  region size 1024K, 3 young (3072K), 1 survivors (1024K)
 Metaspace       used 8157K, committed 8384K, reserved 1114112K
  class space    used 967K, committed 1088K, reserved 1048576K
}
Event: 1.142 GC heap after
{Heap after GC invocations=4 (full 0):
 garbage-first heap   total reserved 2029568K, committed 8192K, used 3648K [0x0000000084200000, 0x0000000100000000)
  region size 1024K, 1 young (1024K), 1 survivors (1024K)
 Metaspace       used 8157K, committed 8384K, reserved 1114112K
  class space    used 967K, committed 1088K, reserved 1048576K
}
Event: 1.151 GC heap before
{Heap before GC invocations=4 (full 0):
 garbage-first heap   total reserved 2029568K, committed 8192K, used 4672K [0x0000000084200000, 0x0000000100000000)
  region size 1024K, 2 young (2048K), 1 survivors (1024K)
 Metaspace       used 8168K, committed 8384K, reserved 1114112K
  class space    used 967K, committed 1088K, reserved 1048576K
}
Event: 1.153 GC heap after
{Heap after GC invocations=5 (full 0):
 garbage-first heap   total reserved 2029568K, committed 8192K, used 3707K [0x0000000084200000, 0x0000000100000000)
  region size 1024K, 1 young (1024K), 1 survivors (1024K)
 Metaspace       used 8168K, committed 8384K, reserved 1114112K
  class space    used 967K, committed 1088K, reserved 1048576K
}

